D:\XVID_ALY\BUILD\WIN32\BIN\XVID_DECRAW.EXE
D:\XVID_ALY\BUILD\WIN32\BIN\XVID_DECRAW.EXE.MANIFEST
D:\XVID_ALY\BUILD\WIN32\BIN\XVID_DECRAW.ILK
D:\XVID_ALY\BUILD\WIN32\BIN\XVID_ENCRAW.EXE
D:\XVID_ALY\BUILD\WIN32\BIN\XVID_ENCRAW.EXE.MANIFEST
D:\XVID_ALY\BUILD\WIN32\BIN\XVID_ENCRAW.ILK
D:\XVID_ALY\BUILD\WIN32\BIN\XVIDCORE.DLL
D:\xvid_aly\build\win32\bin\xvidcore.dll.a
D:\xvid_aly\build\win32\bin\xvidcore.dll.exp
D:\XVID_ALY\BUILD\WIN32\BIN\XVIDCORE.ILK
D:\XVID_ALY\BUILD\WIN32\DEBUG\BITSTREAM.OBJ
D:\XVID_ALY\BUILD\WIN32\DEBUG\CBP.OBJ
D:\XVID_ALY\BUILD\WIN32\DEBUG\CBP_MMX.OBJ
D:\XVID_ALY\BUILD\WIN32\DEBUG\CBP_SSE2.OBJ
D:\XVID_ALY\BUILD\WIN32\DEBUG\COLORSPACE.OBJ
D:\XVID_ALY\BUILD\WIN32\DEBUG\COLORSPACE_RGB_MMX.OBJ
D:\XVID_ALY\BUILD\WIN32\DEBUG\COLORSPACE_YUV_MMX.OBJ
D:\XVID_ALY\BUILD\WIN32\DEBUG\COLORSPACE_YUYV_MMX.OBJ
D:\XVID_ALY\BUILD\WIN32\DEBUG\CPUID.OBJ
D:\XVID_ALY\BUILD\WIN32\DEBUG\DECODER.OBJ
D:\XVID_ALY\BUILD\WIN32\DEBUG\DEINTL_SSE.OBJ
D:\XVID_ALY\BUILD\WIN32\DEBUG\EMMS.OBJ
D:\XVID_ALY\BUILD\WIN32\DEBUG\ENCODER.OBJ
D:\XVID_ALY\BUILD\WIN32\DEBUG\ESTIMATION_BVOP.OBJ
D:\XVID_ALY\BUILD\WIN32\DEBUG\ESTIMATION_COMMON.OBJ
D:\XVID_ALY\BUILD\WIN32\DEBUG\ESTIMATION_GMC.OBJ
D:\XVID_ALY\BUILD\WIN32\DEBUG\ESTIMATION_PVOP.OBJ
D:\XVID_ALY\BUILD\WIN32\DEBUG\ESTIMATION_RD_BASED.OBJ
D:\XVID_ALY\BUILD\WIN32\DEBUG\ESTIMATION_RD_BASED_BVOP.OBJ
D:\XVID_ALY\BUILD\WIN32\DEBUG\FDCT.OBJ
D:\XVID_ALY\BUILD\WIN32\DEBUG\FDCT_MMX_FFMPEG.OBJ
D:\XVID_ALY\BUILD\WIN32\DEBUG\FDCT_MMX_SKAL.OBJ
D:\XVID_ALY\BUILD\WIN32\DEBUG\FDCT_SSE2_SKAL.OBJ
D:\XVID_ALY\BUILD\WIN32\DEBUG\FONT.OBJ
D:\XVID_ALY\BUILD\WIN32\DEBUG\GMC.OBJ
D:\XVID_ALY\BUILD\WIN32\DEBUG\GMC_MMX.OBJ
D:\XVID_ALY\BUILD\WIN32\DEBUG\IDCT.OBJ
D:\XVID_ALY\BUILD\WIN32\DEBUG\IDCT_3DNE.OBJ
D:\XVID_ALY\BUILD\WIN32\DEBUG\IDCT_MMX.OBJ
D:\XVID_ALY\BUILD\WIN32\DEBUG\IDCT_SSE2_DMITRY.OBJ
D:\XVID_ALY\BUILD\WIN32\DEBUG\IMAGE.OBJ
D:\XVID_ALY\BUILD\WIN32\DEBUG\INTERLACING_MMX.OBJ
D:\XVID_ALY\BUILD\WIN32\DEBUG\INTERPOLATE8X8.OBJ
D:\XVID_ALY\BUILD\WIN32\DEBUG\INTERPOLATE8X8_3DN.OBJ
D:\XVID_ALY\BUILD\WIN32\DEBUG\INTERPOLATE8X8_3DNE.OBJ
D:\XVID_ALY\BUILD\WIN32\DEBUG\INTERPOLATE8X8_MMX.OBJ
D:\XVID_ALY\BUILD\WIN32\DEBUG\INTERPOLATE8X8_XMM.OBJ
D:\XVID_ALY\BUILD\WIN32\DEBUG\LIBXVIDCORE.DLL.EMBED.MANIFEST.RES
D:\XVID_ALY\BUILD\WIN32\DEBUG\LIBXVIDCORE.DLL.INTERMEDIATE.MANIFEST
D:\XVID_ALY\BUILD\WIN32\DEBUG\LIBXVIDCORE.DLL.MANIFEST
D:\XVID_ALY\BUILD\WIN32\DEBUG\MBCODING.OBJ
D:\XVID_ALY\BUILD\WIN32\DEBUG\MBPREDICTION.OBJ
D:\XVID_ALY\BUILD\WIN32\DEBUG\MBTRANSQUANT.OBJ
D:\XVID_ALY\BUILD\WIN32\DEBUG\MEM_ALIGN.OBJ
D:\XVID_ALY\BUILD\WIN32\DEBUG\MEM_TRANSFER.OBJ
D:\XVID_ALY\BUILD\WIN32\DEBUG\MEM_TRANSFER_3DNE.OBJ
D:\XVID_ALY\BUILD\WIN32\DEBUG\MEM_TRANSFER_MMX.OBJ
D:\XVID_ALY\BUILD\WIN32\DEBUG\MOTION_COMP.OBJ
D:\XVID_ALY\BUILD\WIN32\DEBUG\PLUGIN_2PASS1.OBJ
D:\XVID_ALY\BUILD\WIN32\DEBUG\PLUGIN_2PASS2.OBJ
D:\XVID_ALY\BUILD\WIN32\DEBUG\PLUGIN_DUMP.OBJ
D:\XVID_ALY\BUILD\WIN32\DEBUG\PLUGIN_LUMIMASKING.OBJ
D:\XVID_ALY\BUILD\WIN32\DEBUG\PLUGIN_PSNR.OBJ
D:\XVID_ALY\BUILD\WIN32\DEBUG\PLUGIN_PSNRHVSM.OBJ
D:\XVID_ALY\BUILD\WIN32\DEBUG\PLUGIN_SINGLE.OBJ
D:\XVID_ALY\BUILD\WIN32\DEBUG\PLUGIN_SSIM.OBJ
D:\XVID_ALY\BUILD\WIN32\DEBUG\PLUGIN_SSIM-A.OBJ
D:\XVID_ALY\BUILD\WIN32\DEBUG\POSTPROCESSING.OBJ
D:\XVID_ALY\BUILD\WIN32\DEBUG\POSTPROCESSING_MMX.OBJ
D:\XVID_ALY\BUILD\WIN32\DEBUG\POSTPROCESSING_SSE2.OBJ
D:\XVID_ALY\BUILD\WIN32\DEBUG\QPEL.OBJ
D:\XVID_ALY\BUILD\WIN32\DEBUG\QPEL_MMX.OBJ
D:\XVID_ALY\BUILD\WIN32\DEBUG\QUANT_H263.OBJ
D:\XVID_ALY\BUILD\WIN32\DEBUG\QUANT_MATRIX.OBJ
D:\XVID_ALY\BUILD\WIN32\DEBUG\QUANT_MPEG.OBJ
D:\XVID_ALY\BUILD\WIN32\DEBUG\QUANTIZE_H263_3DNE.OBJ
D:\XVID_ALY\BUILD\WIN32\DEBUG\QUANTIZE_H263_MMX.OBJ
D:\XVID_ALY\BUILD\WIN32\DEBUG\QUANTIZE_MPEG_MMX.OBJ
D:\XVID_ALY\BUILD\WIN32\DEBUG\QUANTIZE_MPEG_XMM.OBJ
D:\XVID_ALY\BUILD\WIN32\DEBUG\REDUCED.OBJ
D:\XVID_ALY\BUILD\WIN32\DEBUG\REDUCED_MMX.OBJ
D:\XVID_ALY\BUILD\WIN32\DEBUG\SAD.OBJ
D:\XVID_ALY\BUILD\WIN32\DEBUG\SAD_3DN.OBJ
D:\XVID_ALY\BUILD\WIN32\DEBUG\SAD_3DNE.OBJ
D:\XVID_ALY\BUILD\WIN32\DEBUG\SAD_MMX.OBJ
D:\XVID_ALY\BUILD\WIN32\DEBUG\SAD_SSE2.OBJ
D:\XVID_ALY\BUILD\WIN32\DEBUG\SAD_XMM.OBJ
D:\XVID_ALY\BUILD\WIN32\DEBUG\SIMPLE_IDCT.OBJ
D:\XVID_ALY\BUILD\WIN32\DEBUG\TIMER.OBJ
D:\XVID_ALY\BUILD\WIN32\DEBUG\VC100.PDB
D:\XVID_ALY\BUILD\WIN32\DEBUG\VOP_TYPE_DECISION.OBJ
D:\XVID_ALY\BUILD\WIN32\DEBUG\XVID.OBJ
D:\XVID_ALY\BUILD\WIN32\DEBUG\XVID_DECRAW.EXE.INTERMEDIATE.MANIFEST
D:\XVID_ALY\BUILD\WIN32\DEBUG\XVID_DECRAW.OBJ
D:\XVID_ALY\BUILD\WIN32\DEBUG\XVID_DECRAW.PDB
D:\XVID_ALY\BUILD\WIN32\DEBUG\XVID_ENCRAW.EXE.EMBED.MANIFEST.RES
D:\XVID_ALY\BUILD\WIN32\DEBUG\XVID_ENCRAW.EXE.INTERMEDIATE.MANIFEST
D:\XVID_ALY\BUILD\WIN32\DEBUG\XVID_ENCRAW.OBJ
D:\XVID_ALY\BUILD\WIN32\DEBUG\XVID_ENCRAW.PDB
D:\XVID_ALY\BUILD\WIN32\DEBUG\XVIDCORE.PDB
F:\App\xvid_sm\build\win32\.\Debug\libxvidcore.dll.intermediate.manifest
F:\App\xvid_sm\build\win32\.\Debug\libxvidcore.dll.manifest
F:\APP\XVID_SM\BUILD\WIN32\BIN\XVID_DECRAW.EXE
F:\APP\XVID_SM\BUILD\WIN32\BIN\XVID_DECRAW.ILK
F:\APP\XVID_SM\BUILD\WIN32\BIN\XVID_ENCRAW.EXE
F:\APP\XVID_SM\BUILD\WIN32\BIN\XVID_ENCRAW.ILK
F:\APP\XVID_SM\BUILD\WIN32\BIN\XVIDCORE.DLL
F:\App\xvid_sm\build\win32\bin\xvidcore.dll.a
F:\App\xvid_sm\build\win32\bin\xvidcore.dll.exp
F:\APP\XVID_SM\BUILD\WIN32\BIN\XVIDCORE.ILK
F:\APP\XVID_SM\BUILD\WIN32\DEBUG\BITSTREAM.OBJ
F:\APP\XVID_SM\BUILD\WIN32\DEBUG\CBP.OBJ
F:\APP\XVID_SM\BUILD\WIN32\DEBUG\CBP_MMX.OBJ
F:\APP\XVID_SM\BUILD\WIN32\DEBUG\CBP_SSE2.OBJ
F:\App\xvid_sm\build\win32\Debug\cl.command.1.tlog
F:\App\xvid_sm\build\win32\Debug\CL.read.1.tlog
F:\App\xvid_sm\build\win32\Debug\CL.write.1.tlog
F:\APP\XVID_SM\BUILD\WIN32\DEBUG\COLORSPACE.OBJ
F:\APP\XVID_SM\BUILD\WIN32\DEBUG\COLORSPACE_RGB_MMX.OBJ
F:\APP\XVID_SM\BUILD\WIN32\DEBUG\COLORSPACE_YUV_MMX.OBJ
F:\APP\XVID_SM\BUILD\WIN32\DEBUG\COLORSPACE_YUYV_MMX.OBJ
F:\APP\XVID_SM\BUILD\WIN32\DEBUG\CPUID.OBJ
F:\App\xvid_sm\build\win32\Debug\custombuild.command.1.tlog
F:\App\xvid_sm\build\win32\Debug\custombuild.read.1.tlog
F:\App\xvid_sm\build\win32\Debug\custombuild.write.1.tlog
F:\APP\XVID_SM\BUILD\WIN32\DEBUG\DECODER.OBJ
F:\APP\XVID_SM\BUILD\WIN32\DEBUG\DEINTL_SSE.OBJ
F:\APP\XVID_SM\BUILD\WIN32\DEBUG\EMMS.OBJ
F:\APP\XVID_SM\BUILD\WIN32\DEBUG\ENCODER.OBJ
F:\APP\XVID_SM\BUILD\WIN32\DEBUG\ESTIMATION_BVOP.OBJ
F:\APP\XVID_SM\BUILD\WIN32\DEBUG\ESTIMATION_COMMON.OBJ
F:\APP\XVID_SM\BUILD\WIN32\DEBUG\ESTIMATION_GMC.OBJ
F:\APP\XVID_SM\BUILD\WIN32\DEBUG\ESTIMATION_PVOP.OBJ
F:\APP\XVID_SM\BUILD\WIN32\DEBUG\ESTIMATION_RD_BASED.OBJ
F:\APP\XVID_SM\BUILD\WIN32\DEBUG\ESTIMATION_RD_BASED_BVOP.OBJ
F:\APP\XVID_SM\BUILD\WIN32\DEBUG\FDCT.OBJ
F:\APP\XVID_SM\BUILD\WIN32\DEBUG\FDCT_MMX_FFMPEG.OBJ
F:\APP\XVID_SM\BUILD\WIN32\DEBUG\FDCT_MMX_SKAL.OBJ
F:\APP\XVID_SM\BUILD\WIN32\DEBUG\FDCT_SSE2_SKAL.OBJ
F:\APP\XVID_SM\BUILD\WIN32\DEBUG\FONT.OBJ
F:\APP\XVID_SM\BUILD\WIN32\DEBUG\GMC.OBJ
F:\APP\XVID_SM\BUILD\WIN32\DEBUG\GMC_MMX.OBJ
F:\APP\XVID_SM\BUILD\WIN32\DEBUG\IDCT.OBJ
F:\APP\XVID_SM\BUILD\WIN32\DEBUG\IDCT_3DNE.OBJ
F:\APP\XVID_SM\BUILD\WIN32\DEBUG\IDCT_MMX.OBJ
F:\APP\XVID_SM\BUILD\WIN32\DEBUG\IDCT_SSE2_DMITRY.OBJ
F:\APP\XVID_SM\BUILD\WIN32\DEBUG\IMAGE.OBJ
F:\APP\XVID_SM\BUILD\WIN32\DEBUG\INTERLACING_MMX.OBJ
F:\APP\XVID_SM\BUILD\WIN32\DEBUG\INTERPOLATE8X8.OBJ
F:\APP\XVID_SM\BUILD\WIN32\DEBUG\INTERPOLATE8X8_3DN.OBJ
F:\APP\XVID_SM\BUILD\WIN32\DEBUG\INTERPOLATE8X8_3DNE.OBJ
F:\APP\XVID_SM\BUILD\WIN32\DEBUG\INTERPOLATE8X8_MMX.OBJ
F:\APP\XVID_SM\BUILD\WIN32\DEBUG\INTERPOLATE8X8_XMM.OBJ
F:\App\xvid_sm\build\win32\Debug\libxvidcore.dll.embed.manifest
F:\APP\XVID_SM\BUILD\WIN32\DEBUG\LIBXVIDCORE.DLL.INTERMEDIATE.MANIFEST
F:\App\xvid_sm\build\win32\Debug\libxvidcore.dll.manifest
F:\App\xvid_sm\build\win32\Debug\libxvidcore.vcxprojResolveAssemblyReference.cache
F:\App\xvid_sm\build\win32\Debug\libxvidcore.write.1.tlog
F:\App\xvid_sm\build\win32\Debug\libxvidcore_manifest.rc
F:\App\xvid_sm\build\win32\Debug\link.12052.read.1.tlog
F:\App\xvid_sm\build\win32\Debug\link.12052.write.1.tlog
F:\App\xvid_sm\build\win32\Debug\link.12272.read.1.tlog
F:\App\xvid_sm\build\win32\Debug\link.12272.write.1.tlog
F:\App\xvid_sm\build\win32\Debug\link.1268.read.1.tlog
F:\App\xvid_sm\build\win32\Debug\link.1268.write.1.tlog
F:\App\xvid_sm\build\win32\Debug\link.2512.read.1.tlog
F:\App\xvid_sm\build\win32\Debug\link.2512.write.1.tlog
F:\App\xvid_sm\build\win32\Debug\link.3528.read.1.tlog
F:\App\xvid_sm\build\win32\Debug\link.3528.write.1.tlog
F:\App\xvid_sm\build\win32\Debug\link.4000.read.1.tlog
F:\App\xvid_sm\build\win32\Debug\link.4000.write.1.tlog
F:\App\xvid_sm\build\win32\Debug\link.4228.read.1.tlog
F:\App\xvid_sm\build\win32\Debug\link.4228.write.1.tlog
F:\App\xvid_sm\build\win32\Debug\link.4564.read.1.tlog
F:\App\xvid_sm\build\win32\Debug\link.4564.write.1.tlog
F:\App\xvid_sm\build\win32\Debug\link.4684.read.1.tlog
F:\App\xvid_sm\build\win32\Debug\link.4684.write.1.tlog
F:\App\xvid_sm\build\win32\Debug\link.5076.read.1.tlog
F:\App\xvid_sm\build\win32\Debug\link.5076.write.1.tlog
F:\App\xvid_sm\build\win32\Debug\link.5352.read.1.tlog
F:\App\xvid_sm\build\win32\Debug\link.5352.write.1.tlog
F:\App\xvid_sm\build\win32\Debug\link.5576.read.1.tlog
F:\App\xvid_sm\build\win32\Debug\link.5576.write.1.tlog
F:\App\xvid_sm\build\win32\Debug\link.5868.read.1.tlog
F:\App\xvid_sm\build\win32\Debug\link.5868.write.1.tlog
F:\App\xvid_sm\build\win32\Debug\link.6324.read.1.tlog
F:\App\xvid_sm\build\win32\Debug\link.6324.write.1.tlog
F:\App\xvid_sm\build\win32\Debug\link.6992.read.1.tlog
F:\App\xvid_sm\build\win32\Debug\link.6992.write.1.tlog
F:\App\xvid_sm\build\win32\Debug\link.7188.read.1.tlog
F:\App\xvid_sm\build\win32\Debug\link.7188.write.1.tlog
F:\App\xvid_sm\build\win32\Debug\link.7300.read.1.tlog
F:\App\xvid_sm\build\win32\Debug\link.7300.write.1.tlog
F:\App\xvid_sm\build\win32\Debug\link.8140.read.1.tlog
F:\App\xvid_sm\build\win32\Debug\link.8140.write.1.tlog
F:\App\xvid_sm\build\win32\Debug\link.8264.read.1.tlog
F:\App\xvid_sm\build\win32\Debug\link.8264.write.1.tlog
F:\App\xvid_sm\build\win32\Debug\link.8684.read.1.tlog
F:\App\xvid_sm\build\win32\Debug\link.8684.write.1.tlog
F:\App\xvid_sm\build\win32\Debug\link.872.read.1.tlog
F:\App\xvid_sm\build\win32\Debug\link.872.write.1.tlog
F:\App\xvid_sm\build\win32\Debug\link.8844.read.1.tlog
F:\App\xvid_sm\build\win32\Debug\link.8844.write.1.tlog
F:\App\xvid_sm\build\win32\Debug\link.8892.read.1.tlog
F:\App\xvid_sm\build\win32\Debug\link.8892.write.1.tlog
F:\App\xvid_sm\build\win32\Debug\link.9620.read.1.tlog
F:\App\xvid_sm\build\win32\Debug\link.9620.write.1.tlog
F:\App\xvid_sm\build\win32\Debug\link.9744.read.1.tlog
F:\App\xvid_sm\build\win32\Debug\link.9744.write.1.tlog
F:\App\xvid_sm\build\win32\Debug\link.9756.read.1.tlog
F:\App\xvid_sm\build\win32\Debug\link.9756.write.1.tlog
F:\App\xvid_sm\build\win32\Debug\link.9796.read.1.tlog
F:\App\xvid_sm\build\win32\Debug\link.9796.write.1.tlog
F:\App\xvid_sm\build\win32\Debug\link.command.1.tlog
F:\App\xvid_sm\build\win32\Debug\link.read.1.tlog
F:\App\xvid_sm\build\win32\Debug\link.write.1.tlog
F:\APP\XVID_SM\BUILD\WIN32\DEBUG\MBCODING.OBJ
F:\APP\XVID_SM\BUILD\WIN32\DEBUG\MBPREDICTION.OBJ
F:\APP\XVID_SM\BUILD\WIN32\DEBUG\MBTRANSQUANT.OBJ
F:\APP\XVID_SM\BUILD\WIN32\DEBUG\MEM_ALIGN.OBJ
F:\APP\XVID_SM\BUILD\WIN32\DEBUG\MEM_TRANSFER.OBJ
F:\APP\XVID_SM\BUILD\WIN32\DEBUG\MEM_TRANSFER_3DNE.OBJ
F:\APP\XVID_SM\BUILD\WIN32\DEBUG\MEM_TRANSFER_MMX.OBJ
F:\APP\XVID_SM\BUILD\WIN32\DEBUG\MOTION_COMP.OBJ
F:\App\xvid_sm\build\win32\Debug\mt.command.1.tlog
F:\App\xvid_sm\build\win32\Debug\mt.read.1.tlog
F:\App\xvid_sm\build\win32\Debug\mt.write.1.tlog
F:\APP\XVID_SM\BUILD\WIN32\DEBUG\PLUGIN_2PASS1.OBJ
F:\APP\XVID_SM\BUILD\WIN32\DEBUG\PLUGIN_2PASS2.OBJ
F:\APP\XVID_SM\BUILD\WIN32\DEBUG\PLUGIN_DUMP.OBJ
F:\APP\XVID_SM\BUILD\WIN32\DEBUG\PLUGIN_LUMIMASKING.OBJ
F:\APP\XVID_SM\BUILD\WIN32\DEBUG\PLUGIN_PSNR.OBJ
F:\APP\XVID_SM\BUILD\WIN32\DEBUG\PLUGIN_PSNRHVSM.OBJ
F:\APP\XVID_SM\BUILD\WIN32\DEBUG\PLUGIN_SINGLE.OBJ
F:\APP\XVID_SM\BUILD\WIN32\DEBUG\PLUGIN_SSIM.OBJ
F:\APP\XVID_SM\BUILD\WIN32\DEBUG\PLUGIN_SSIM-A.OBJ
F:\APP\XVID_SM\BUILD\WIN32\DEBUG\POSTPROCESSING.OBJ
F:\APP\XVID_SM\BUILD\WIN32\DEBUG\POSTPROCESSING_MMX.OBJ
F:\APP\XVID_SM\BUILD\WIN32\DEBUG\POSTPROCESSING_SSE2.OBJ
F:\APP\XVID_SM\BUILD\WIN32\DEBUG\QPEL.OBJ
F:\APP\XVID_SM\BUILD\WIN32\DEBUG\QPEL_MMX.OBJ
F:\APP\XVID_SM\BUILD\WIN32\DEBUG\QUANT_H263.OBJ
F:\APP\XVID_SM\BUILD\WIN32\DEBUG\QUANT_MATRIX.OBJ
F:\APP\XVID_SM\BUILD\WIN32\DEBUG\QUANT_MPEG.OBJ
F:\APP\XVID_SM\BUILD\WIN32\DEBUG\QUANTIZE_H263_3DNE.OBJ
F:\APP\XVID_SM\BUILD\WIN32\DEBUG\QUANTIZE_H263_MMX.OBJ
F:\APP\XVID_SM\BUILD\WIN32\DEBUG\QUANTIZE_MPEG_MMX.OBJ
F:\APP\XVID_SM\BUILD\WIN32\DEBUG\QUANTIZE_MPEG_XMM.OBJ
F:\App\xvid_sm\build\win32\Debug\rc.command.1.tlog
F:\App\xvid_sm\build\win32\Debug\rc.read.1.tlog
F:\App\xvid_sm\build\win32\Debug\rc.write.1.tlog
F:\APP\XVID_SM\BUILD\WIN32\DEBUG\REDUCED.OBJ
F:\APP\XVID_SM\BUILD\WIN32\DEBUG\REDUCED_MMX.OBJ
F:\APP\XVID_SM\BUILD\WIN32\DEBUG\SAD.OBJ
F:\APP\XVID_SM\BUILD\WIN32\DEBUG\SAD_3DN.OBJ
F:\APP\XVID_SM\BUILD\WIN32\DEBUG\SAD_3DNE.OBJ
F:\APP\XVID_SM\BUILD\WIN32\DEBUG\SAD_MMX.OBJ
F:\APP\XVID_SM\BUILD\WIN32\DEBUG\SAD_SSE2.OBJ
F:\APP\XVID_SM\BUILD\WIN32\DEBUG\SAD_XMM.OBJ
F:\APP\XVID_SM\BUILD\WIN32\DEBUG\SIMPLE_IDCT.OBJ
F:\APP\XVID_SM\BUILD\WIN32\DEBUG\TIMER.OBJ
F:\App\xvid_sm\build\win32\Debug\vc100.idb
F:\APP\XVID_SM\BUILD\WIN32\DEBUG\VC100.PDB
F:\APP\XVID_SM\BUILD\WIN32\DEBUG\VOP_TYPE_DECISION.OBJ
F:\APP\XVID_SM\BUILD\WIN32\DEBUG\XVID.OBJ
F:\APP\XVID_SM\BUILD\WIN32\DEBUG\XVID_DECRAW.EXE.INTERMEDIATE.MANIFEST
F:\APP\XVID_SM\BUILD\WIN32\DEBUG\XVID_DECRAW.OBJ
F:\APP\XVID_SM\BUILD\WIN32\DEBUG\XVID_DECRAW.PDB
F:\App\xvid_sm\build\win32\Debug\xvid_decraw.write.1.tlog
F:\App\xvid_sm\build\win32\Debug\xvid_encraw.exe.embed.manifest
F:\APP\XVID_SM\BUILD\WIN32\DEBUG\XVID_ENCRAW.EXE.INTERMEDIATE.MANIFEST
F:\APP\XVID_SM\BUILD\WIN32\DEBUG\XVID_ENCRAW.OBJ
F:\APP\XVID_SM\BUILD\WIN32\DEBUG\XVID_ENCRAW.PDB
F:\App\xvid_sm\build\win32\Debug\xvid_encraw.vcxprojResolveAssemblyReference.cache
F:\App\xvid_sm\build\win32\Debug\xvid_encraw.write.1.tlog
F:\App\xvid_sm\build\win32\Debug\xvid_encraw_manifest.rc
F:\APP\XVID_SM\BUILD\WIN32\DEBUG\XVIDCORE.PDB
F:\XVID-METHOD\XVID_ALY\BUILD\WIN32\BIN\XVID_ENCRAW.EXE
F:\XVID-METHOD\XVID_ALY\BUILD\WIN32\BIN\XVID_ENCRAW.EXE.MANIFEST
F:\XVID-METHOD\XVID_ALY\BUILD\WIN32\BIN\XVID_ENCRAW.ILK
F:\XVID-METHOD\XVID_ALY\BUILD\WIN32\BIN\XVIDCORE.DLL
F:\XVID-METHOD\xvid_aly\build\win32\bin\xvidcore.dll.a
F:\XVID-METHOD\xvid_aly\build\win32\bin\xvidcore.dll.exp
F:\XVID-METHOD\XVID_ALY\BUILD\WIN32\BIN\XVIDCORE.ILK
F:\XVID-METHOD\XVID_ALY\BUILD\WIN32\DEBUG\BITSTREAM.OBJ
F:\XVID-METHOD\XVID_ALY\BUILD\WIN32\DEBUG\CBP.OBJ
F:\XVID-METHOD\XVID_ALY\BUILD\WIN32\DEBUG\CBP_MMX.OBJ
F:\XVID-METHOD\XVID_ALY\BUILD\WIN32\DEBUG\CBP_SSE2.OBJ
F:\XVID-METHOD\XVID_ALY\BUILD\WIN32\DEBUG\COLORSPACE.OBJ
F:\XVID-METHOD\XVID_ALY\BUILD\WIN32\DEBUG\COLORSPACE_RGB_MMX.OBJ
F:\XVID-METHOD\XVID_ALY\BUILD\WIN32\DEBUG\COLORSPACE_YUV_MMX.OBJ
F:\XVID-METHOD\XVID_ALY\BUILD\WIN32\DEBUG\COLORSPACE_YUYV_MMX.OBJ
F:\XVID-METHOD\XVID_ALY\BUILD\WIN32\DEBUG\CPUID.OBJ
F:\XVID-METHOD\XVID_ALY\BUILD\WIN32\DEBUG\DECODER.OBJ
F:\XVID-METHOD\XVID_ALY\BUILD\WIN32\DEBUG\DEINTL_SSE.OBJ
F:\XVID-METHOD\XVID_ALY\BUILD\WIN32\DEBUG\EMMS.OBJ
F:\XVID-METHOD\XVID_ALY\BUILD\WIN32\DEBUG\ENCODER.OBJ
F:\XVID-METHOD\XVID_ALY\BUILD\WIN32\DEBUG\ESTIMATION_BVOP.OBJ
F:\XVID-METHOD\XVID_ALY\BUILD\WIN32\DEBUG\ESTIMATION_COMMON.OBJ
F:\XVID-METHOD\XVID_ALY\BUILD\WIN32\DEBUG\ESTIMATION_GMC.OBJ
F:\XVID-METHOD\XVID_ALY\BUILD\WIN32\DEBUG\ESTIMATION_PVOP.OBJ
F:\XVID-METHOD\XVID_ALY\BUILD\WIN32\DEBUG\ESTIMATION_RD_BASED.OBJ
F:\XVID-METHOD\XVID_ALY\BUILD\WIN32\DEBUG\ESTIMATION_RD_BASED_BVOP.OBJ
F:\XVID-METHOD\XVID_ALY\BUILD\WIN32\DEBUG\FDCT.OBJ
F:\XVID-METHOD\XVID_ALY\BUILD\WIN32\DEBUG\FDCT_MMX_FFMPEG.OBJ
F:\XVID-METHOD\XVID_ALY\BUILD\WIN32\DEBUG\FDCT_MMX_SKAL.OBJ
F:\XVID-METHOD\XVID_ALY\BUILD\WIN32\DEBUG\FDCT_SSE2_SKAL.OBJ
F:\XVID-METHOD\XVID_ALY\BUILD\WIN32\DEBUG\FONT.OBJ
F:\XVID-METHOD\XVID_ALY\BUILD\WIN32\DEBUG\GMC.OBJ
F:\XVID-METHOD\XVID_ALY\BUILD\WIN32\DEBUG\GMC_MMX.OBJ
F:\XVID-METHOD\XVID_ALY\BUILD\WIN32\DEBUG\IDCT.OBJ
F:\XVID-METHOD\XVID_ALY\BUILD\WIN32\DEBUG\IDCT_3DNE.OBJ
F:\XVID-METHOD\XVID_ALY\BUILD\WIN32\DEBUG\IDCT_MMX.OBJ
F:\XVID-METHOD\XVID_ALY\BUILD\WIN32\DEBUG\IDCT_SSE2_DMITRY.OBJ
F:\XVID-METHOD\XVID_ALY\BUILD\WIN32\DEBUG\IMAGE.OBJ
F:\XVID-METHOD\XVID_ALY\BUILD\WIN32\DEBUG\INTERLACING_MMX.OBJ
F:\XVID-METHOD\XVID_ALY\BUILD\WIN32\DEBUG\INTERPOLATE8X8.OBJ
F:\XVID-METHOD\XVID_ALY\BUILD\WIN32\DEBUG\INTERPOLATE8X8_3DN.OBJ
F:\XVID-METHOD\XVID_ALY\BUILD\WIN32\DEBUG\INTERPOLATE8X8_3DNE.OBJ
F:\XVID-METHOD\XVID_ALY\BUILD\WIN32\DEBUG\INTERPOLATE8X8_MMX.OBJ
F:\XVID-METHOD\XVID_ALY\BUILD\WIN32\DEBUG\INTERPOLATE8X8_XMM.OBJ
F:\XVID-METHOD\XVID_ALY\BUILD\WIN32\DEBUG\LIBXVIDCORE.DLL.INTERMEDIATE.MANIFEST
F:\XVID-METHOD\XVID_ALY\BUILD\WIN32\DEBUG\LIBXVIDCORE.DLL.MANIFEST
F:\XVID-METHOD\XVID_ALY\BUILD\WIN32\DEBUG\MBCODING.OBJ
F:\XVID-METHOD\XVID_ALY\BUILD\WIN32\DEBUG\MBPREDICTION.OBJ
F:\XVID-METHOD\XVID_ALY\BUILD\WIN32\DEBUG\MBTRANSQUANT.OBJ
F:\XVID-METHOD\XVID_ALY\BUILD\WIN32\DEBUG\MEM_ALIGN.OBJ
F:\XVID-METHOD\XVID_ALY\BUILD\WIN32\DEBUG\MEM_TRANSFER.OBJ
F:\XVID-METHOD\XVID_ALY\BUILD\WIN32\DEBUG\MEM_TRANSFER_3DNE.OBJ
F:\XVID-METHOD\XVID_ALY\BUILD\WIN32\DEBUG\MEM_TRANSFER_MMX.OBJ
F:\XVID-METHOD\XVID_ALY\BUILD\WIN32\DEBUG\MOTION_COMP.OBJ
F:\XVID-METHOD\XVID_ALY\BUILD\WIN32\DEBUG\PLUGIN_2PASS1.OBJ
F:\XVID-METHOD\XVID_ALY\BUILD\WIN32\DEBUG\PLUGIN_2PASS2.OBJ
F:\XVID-METHOD\XVID_ALY\BUILD\WIN32\DEBUG\PLUGIN_DUMP.OBJ
F:\XVID-METHOD\XVID_ALY\BUILD\WIN32\DEBUG\PLUGIN_LUMIMASKING.OBJ
F:\XVID-METHOD\XVID_ALY\BUILD\WIN32\DEBUG\PLUGIN_PSNR.OBJ
F:\XVID-METHOD\XVID_ALY\BUILD\WIN32\DEBUG\PLUGIN_PSNRHVSM.OBJ
F:\XVID-METHOD\XVID_ALY\BUILD\WIN32\DEBUG\PLUGIN_SINGLE.OBJ
F:\XVID-METHOD\XVID_ALY\BUILD\WIN32\DEBUG\PLUGIN_SSIM.OBJ
F:\XVID-METHOD\XVID_ALY\BUILD\WIN32\DEBUG\PLUGIN_SSIM-A.OBJ
F:\XVID-METHOD\XVID_ALY\BUILD\WIN32\DEBUG\POSTPROCESSING.OBJ
F:\XVID-METHOD\XVID_ALY\BUILD\WIN32\DEBUG\POSTPROCESSING_MMX.OBJ
F:\XVID-METHOD\XVID_ALY\BUILD\WIN32\DEBUG\POSTPROCESSING_SSE2.OBJ
F:\XVID-METHOD\XVID_ALY\BUILD\WIN32\DEBUG\QPEL.OBJ
F:\XVID-METHOD\XVID_ALY\BUILD\WIN32\DEBUG\QPEL_MMX.OBJ
F:\XVID-METHOD\XVID_ALY\BUILD\WIN32\DEBUG\QUANT_H263.OBJ
F:\XVID-METHOD\XVID_ALY\BUILD\WIN32\DEBUG\QUANT_MATRIX.OBJ
F:\XVID-METHOD\XVID_ALY\BUILD\WIN32\DEBUG\QUANT_MPEG.OBJ
F:\XVID-METHOD\XVID_ALY\BUILD\WIN32\DEBUG\QUANTIZE_H263_3DNE.OBJ
F:\XVID-METHOD\XVID_ALY\BUILD\WIN32\DEBUG\QUANTIZE_H263_MMX.OBJ
F:\XVID-METHOD\XVID_ALY\BUILD\WIN32\DEBUG\QUANTIZE_MPEG_MMX.OBJ
F:\XVID-METHOD\XVID_ALY\BUILD\WIN32\DEBUG\QUANTIZE_MPEG_XMM.OBJ
F:\XVID-METHOD\XVID_ALY\BUILD\WIN32\DEBUG\REDUCED.OBJ
F:\XVID-METHOD\XVID_ALY\BUILD\WIN32\DEBUG\REDUCED_MMX.OBJ
F:\XVID-METHOD\XVID_ALY\BUILD\WIN32\DEBUG\SAD.OBJ
F:\XVID-METHOD\XVID_ALY\BUILD\WIN32\DEBUG\SAD_3DN.OBJ
F:\XVID-METHOD\XVID_ALY\BUILD\WIN32\DEBUG\SAD_3DNE.OBJ
F:\XVID-METHOD\XVID_ALY\BUILD\WIN32\DEBUG\SAD_MMX.OBJ
F:\XVID-METHOD\XVID_ALY\BUILD\WIN32\DEBUG\SAD_SSE2.OBJ
F:\XVID-METHOD\XVID_ALY\BUILD\WIN32\DEBUG\SAD_XMM.OBJ
F:\XVID-METHOD\XVID_ALY\BUILD\WIN32\DEBUG\SIMPLE_IDCT.OBJ
F:\XVID-METHOD\XVID_ALY\BUILD\WIN32\DEBUG\TIMER.OBJ
F:\XVID-METHOD\XVID_ALY\BUILD\WIN32\DEBUG\VC100.PDB
F:\XVID-METHOD\XVID_ALY\BUILD\WIN32\DEBUG\VOP_TYPE_DECISION.OBJ
F:\XVID-METHOD\XVID_ALY\BUILD\WIN32\DEBUG\XVID.OBJ
F:\XVID-METHOD\XVID_ALY\BUILD\WIN32\DEBUG\XVID_ENCRAW.EXE.INTERMEDIATE.MANIFEST
F:\XVID-METHOD\XVID_ALY\BUILD\WIN32\DEBUG\XVID_ENCRAW.OBJ
F:\XVID-METHOD\XVID_ALY\BUILD\WIN32\DEBUG\XVID_ENCRAW.PDB
F:\XVID-METHOD\XVID_ALY\BUILD\WIN32\DEBUG\XVIDCORE.PDB
F:\XVID-METHOD\XVID_SLIDE\BUILD\WIN32\BIN\XVID_DECRAW.EXE
F:\XVID-METHOD\XVID_SLIDE\BUILD\WIN32\BIN\XVID_DECRAW.EXE.MANIFEST
F:\XVID-METHOD\XVID_SLIDE\BUILD\WIN32\BIN\XVID_DECRAW.ILK
F:\XVID-METHOD\XVID_SLIDE\BUILD\WIN32\BIN\XVID_ENCRAW.EXE
F:\XVID-METHOD\XVID_SLIDE\BUILD\WIN32\BIN\XVID_ENCRAW.EXE.MANIFEST
F:\XVID-METHOD\XVID_SLIDE\BUILD\WIN32\BIN\XVID_ENCRAW.ILK
F:\XVID-METHOD\XVID_SLIDE\BUILD\WIN32\BIN\XVIDCORE.DLL
F:\XVID-METHOD\xvid_slide\build\win32\bin\xvidcore.dll.a
F:\XVID-METHOD\xvid_slide\build\win32\bin\xvidcore.dll.exp
F:\XVID-METHOD\XVID_SLIDE\BUILD\WIN32\BIN\XVIDCORE.ILK
F:\XVID-METHOD\XVID_SLIDE\BUILD\WIN32\DEBUG\BITSTREAM.OBJ
F:\XVID-METHOD\XVID_SLIDE\BUILD\WIN32\DEBUG\CBP.OBJ
F:\XVID-METHOD\XVID_SLIDE\BUILD\WIN32\DEBUG\CBP_MMX.OBJ
F:\XVID-METHOD\XVID_SLIDE\BUILD\WIN32\DEBUG\CBP_SSE2.OBJ
F:\XVID-METHOD\XVID_SLIDE\BUILD\WIN32\DEBUG\COLORSPACE.OBJ
F:\XVID-METHOD\XVID_SLIDE\BUILD\WIN32\DEBUG\COLORSPACE_RGB_MMX.OBJ
F:\XVID-METHOD\XVID_SLIDE\BUILD\WIN32\DEBUG\COLORSPACE_YUV_MMX.OBJ
F:\XVID-METHOD\XVID_SLIDE\BUILD\WIN32\DEBUG\COLORSPACE_YUYV_MMX.OBJ
F:\XVID-METHOD\XVID_SLIDE\BUILD\WIN32\DEBUG\CPUID.OBJ
F:\XVID-METHOD\XVID_SLIDE\BUILD\WIN32\DEBUG\DECODER.OBJ
F:\XVID-METHOD\XVID_SLIDE\BUILD\WIN32\DEBUG\DEINTL_SSE.OBJ
F:\XVID-METHOD\XVID_SLIDE\BUILD\WIN32\DEBUG\EMMS.OBJ
F:\XVID-METHOD\XVID_SLIDE\BUILD\WIN32\DEBUG\ENCODER.OBJ
F:\XVID-METHOD\XVID_SLIDE\BUILD\WIN32\DEBUG\ESTIMATION_BVOP.OBJ
F:\XVID-METHOD\XVID_SLIDE\BUILD\WIN32\DEBUG\ESTIMATION_COMMON.OBJ
F:\XVID-METHOD\XVID_SLIDE\BUILD\WIN32\DEBUG\ESTIMATION_GMC.OBJ
F:\XVID-METHOD\XVID_SLIDE\BUILD\WIN32\DEBUG\ESTIMATION_PVOP.OBJ
F:\XVID-METHOD\XVID_SLIDE\BUILD\WIN32\DEBUG\ESTIMATION_RD_BASED.OBJ
F:\XVID-METHOD\XVID_SLIDE\BUILD\WIN32\DEBUG\ESTIMATION_RD_BASED_BVOP.OBJ
F:\XVID-METHOD\XVID_SLIDE\BUILD\WIN32\DEBUG\FDCT.OBJ
F:\XVID-METHOD\XVID_SLIDE\BUILD\WIN32\DEBUG\FDCT_MMX_FFMPEG.OBJ
F:\XVID-METHOD\XVID_SLIDE\BUILD\WIN32\DEBUG\FDCT_MMX_SKAL.OBJ
F:\XVID-METHOD\XVID_SLIDE\BUILD\WIN32\DEBUG\FDCT_SSE2_SKAL.OBJ
F:\XVID-METHOD\XVID_SLIDE\BUILD\WIN32\DEBUG\FONT.OBJ
F:\XVID-METHOD\XVID_SLIDE\BUILD\WIN32\DEBUG\GMC.OBJ
F:\XVID-METHOD\XVID_SLIDE\BUILD\WIN32\DEBUG\GMC_MMX.OBJ
F:\XVID-METHOD\XVID_SLIDE\BUILD\WIN32\DEBUG\IDCT.OBJ
F:\XVID-METHOD\XVID_SLIDE\BUILD\WIN32\DEBUG\IDCT_3DNE.OBJ
F:\XVID-METHOD\XVID_SLIDE\BUILD\WIN32\DEBUG\IDCT_MMX.OBJ
F:\XVID-METHOD\XVID_SLIDE\BUILD\WIN32\DEBUG\IDCT_SSE2_DMITRY.OBJ
F:\XVID-METHOD\XVID_SLIDE\BUILD\WIN32\DEBUG\IMAGE.OBJ
F:\XVID-METHOD\XVID_SLIDE\BUILD\WIN32\DEBUG\INTERLACING_MMX.OBJ
F:\XVID-METHOD\XVID_SLIDE\BUILD\WIN32\DEBUG\INTERPOLATE8X8.OBJ
F:\XVID-METHOD\XVID_SLIDE\BUILD\WIN32\DEBUG\INTERPOLATE8X8_3DN.OBJ
F:\XVID-METHOD\XVID_SLIDE\BUILD\WIN32\DEBUG\INTERPOLATE8X8_3DNE.OBJ
F:\XVID-METHOD\XVID_SLIDE\BUILD\WIN32\DEBUG\INTERPOLATE8X8_MMX.OBJ
F:\XVID-METHOD\XVID_SLIDE\BUILD\WIN32\DEBUG\INTERPOLATE8X8_XMM.OBJ
F:\XVID-METHOD\XVID_SLIDE\BUILD\WIN32\DEBUG\LIBXVIDCORE.DLL.INTERMEDIATE.MANIFEST
F:\XVID-METHOD\XVID_SLIDE\BUILD\WIN32\DEBUG\MBCODING.OBJ
F:\XVID-METHOD\XVID_SLIDE\BUILD\WIN32\DEBUG\MBPREDICTION.OBJ
F:\XVID-METHOD\XVID_SLIDE\BUILD\WIN32\DEBUG\MBTRANSQUANT.OBJ
F:\XVID-METHOD\XVID_SLIDE\BUILD\WIN32\DEBUG\MEM_ALIGN.OBJ
F:\XVID-METHOD\XVID_SLIDE\BUILD\WIN32\DEBUG\MEM_TRANSFER.OBJ
F:\XVID-METHOD\XVID_SLIDE\BUILD\WIN32\DEBUG\MEM_TRANSFER_3DNE.OBJ
F:\XVID-METHOD\XVID_SLIDE\BUILD\WIN32\DEBUG\MEM_TRANSFER_MMX.OBJ
F:\XVID-METHOD\XVID_SLIDE\BUILD\WIN32\DEBUG\MOTION_COMP.OBJ
F:\XVID-METHOD\XVID_SLIDE\BUILD\WIN32\DEBUG\PLUGIN_2PASS1.OBJ
F:\XVID-METHOD\XVID_SLIDE\BUILD\WIN32\DEBUG\PLUGIN_2PASS2.OBJ
F:\XVID-METHOD\XVID_SLIDE\BUILD\WIN32\DEBUG\PLUGIN_DUMP.OBJ
F:\XVID-METHOD\XVID_SLIDE\BUILD\WIN32\DEBUG\PLUGIN_LUMIMASKING.OBJ
F:\XVID-METHOD\XVID_SLIDE\BUILD\WIN32\DEBUG\PLUGIN_PSNR.OBJ
F:\XVID-METHOD\XVID_SLIDE\BUILD\WIN32\DEBUG\PLUGIN_PSNRHVSM.OBJ
F:\XVID-METHOD\XVID_SLIDE\BUILD\WIN32\DEBUG\PLUGIN_SINGLE.OBJ
F:\XVID-METHOD\XVID_SLIDE\BUILD\WIN32\DEBUG\PLUGIN_SSIM.OBJ
F:\XVID-METHOD\XVID_SLIDE\BUILD\WIN32\DEBUG\PLUGIN_SSIM-A.OBJ
F:\XVID-METHOD\XVID_SLIDE\BUILD\WIN32\DEBUG\POSTPROCESSING.OBJ
F:\XVID-METHOD\XVID_SLIDE\BUILD\WIN32\DEBUG\POSTPROCESSING_MMX.OBJ
F:\XVID-METHOD\XVID_SLIDE\BUILD\WIN32\DEBUG\POSTPROCESSING_SSE2.OBJ
F:\XVID-METHOD\XVID_SLIDE\BUILD\WIN32\DEBUG\QPEL.OBJ
F:\XVID-METHOD\XVID_SLIDE\BUILD\WIN32\DEBUG\QPEL_MMX.OBJ
F:\XVID-METHOD\XVID_SLIDE\BUILD\WIN32\DEBUG\QUANT_H263.OBJ
F:\XVID-METHOD\XVID_SLIDE\BUILD\WIN32\DEBUG\QUANT_MATRIX.OBJ
F:\XVID-METHOD\XVID_SLIDE\BUILD\WIN32\DEBUG\QUANT_MPEG.OBJ
F:\XVID-METHOD\XVID_SLIDE\BUILD\WIN32\DEBUG\QUANTIZE_H263_3DNE.OBJ
F:\XVID-METHOD\XVID_SLIDE\BUILD\WIN32\DEBUG\QUANTIZE_H263_MMX.OBJ
F:\XVID-METHOD\XVID_SLIDE\BUILD\WIN32\DEBUG\QUANTIZE_MPEG_MMX.OBJ
F:\XVID-METHOD\XVID_SLIDE\BUILD\WIN32\DEBUG\QUANTIZE_MPEG_XMM.OBJ
F:\XVID-METHOD\XVID_SLIDE\BUILD\WIN32\DEBUG\REDUCED.OBJ
F:\XVID-METHOD\XVID_SLIDE\BUILD\WIN32\DEBUG\REDUCED_MMX.OBJ
F:\XVID-METHOD\XVID_SLIDE\BUILD\WIN32\DEBUG\SAD.OBJ
F:\XVID-METHOD\XVID_SLIDE\BUILD\WIN32\DEBUG\SAD_3DN.OBJ
F:\XVID-METHOD\XVID_SLIDE\BUILD\WIN32\DEBUG\SAD_3DNE.OBJ
F:\XVID-METHOD\XVID_SLIDE\BUILD\WIN32\DEBUG\SAD_MMX.OBJ
F:\XVID-METHOD\XVID_SLIDE\BUILD\WIN32\DEBUG\SAD_SSE2.OBJ
F:\XVID-METHOD\XVID_SLIDE\BUILD\WIN32\DEBUG\SAD_XMM.OBJ
F:\XVID-METHOD\XVID_SLIDE\BUILD\WIN32\DEBUG\SIMPLE_IDCT.OBJ
F:\XVID-METHOD\XVID_SLIDE\BUILD\WIN32\DEBUG\TIMER.OBJ
F:\XVID-METHOD\XVID_SLIDE\BUILD\WIN32\DEBUG\VC100.PDB
F:\XVID-METHOD\XVID_SLIDE\BUILD\WIN32\DEBUG\VOP_TYPE_DECISION.OBJ
F:\XVID-METHOD\XVID_SLIDE\BUILD\WIN32\DEBUG\XVID.OBJ
F:\XVID-METHOD\XVID_SLIDE\BUILD\WIN32\DEBUG\XVID_DECRAW.EXE.INTERMEDIATE.MANIFEST
F:\XVID-METHOD\XVID_SLIDE\BUILD\WIN32\DEBUG\XVID_DECRAW.OBJ
F:\XVID-METHOD\XVID_SLIDE\BUILD\WIN32\DEBUG\XVID_DECRAW.PDB
F:\XVID-METHOD\XVID_SLIDE\BUILD\WIN32\DEBUG\XVID_ENCRAW.EXE.INTERMEDIATE.MANIFEST
F:\XVID-METHOD\XVID_SLIDE\BUILD\WIN32\DEBUG\XVID_ENCRAW.OBJ
F:\XVID-METHOD\XVID_SLIDE\BUILD\WIN32\DEBUG\XVID_ENCRAW.PDB
F:\XVID-METHOD\XVID_SLIDE\BUILD\WIN32\DEBUG\XVIDCORE.PDB
F:\XVID-METHOD\XVID_SM\BUILD\WIN32\BIN\XVID_ENCRAW.EXE
F:\XVID-METHOD\XVID_SM\BUILD\WIN32\BIN\XVID_ENCRAW.EXE.MANIFEST
F:\XVID-METHOD\XVID_SM\BUILD\WIN32\BIN\XVID_ENCRAW.ILK
F:\XVID-METHOD\XVID_SM\BUILD\WIN32\BIN\XVIDCORE.DLL
F:\XVID-METHOD\xvid_sm\build\win32\bin\xvidcore.dll.a
F:\XVID-METHOD\xvid_sm\build\win32\bin\xvidcore.dll.exp
F:\XVID-METHOD\XVID_SM\BUILD\WIN32\BIN\XVIDCORE.ILK
F:\XVID-METHOD\XVID_SM\BUILD\WIN32\DEBUG\BITSTREAM.OBJ
F:\XVID-METHOD\XVID_SM\BUILD\WIN32\DEBUG\CBP.OBJ
F:\XVID-METHOD\XVID_SM\BUILD\WIN32\DEBUG\CBP_MMX.OBJ
F:\XVID-METHOD\XVID_SM\BUILD\WIN32\DEBUG\CBP_SSE2.OBJ
F:\XVID-METHOD\XVID_SM\BUILD\WIN32\DEBUG\COLORSPACE.OBJ
F:\XVID-METHOD\XVID_SM\BUILD\WIN32\DEBUG\COLORSPACE_RGB_MMX.OBJ
F:\XVID-METHOD\XVID_SM\BUILD\WIN32\DEBUG\COLORSPACE_YUV_MMX.OBJ
F:\XVID-METHOD\XVID_SM\BUILD\WIN32\DEBUG\COLORSPACE_YUYV_MMX.OBJ
F:\XVID-METHOD\XVID_SM\BUILD\WIN32\DEBUG\CPUID.OBJ
F:\XVID-METHOD\XVID_SM\BUILD\WIN32\DEBUG\DECODER.OBJ
F:\XVID-METHOD\XVID_SM\BUILD\WIN32\DEBUG\DEINTL_SSE.OBJ
F:\XVID-METHOD\XVID_SM\BUILD\WIN32\DEBUG\EMMS.OBJ
F:\XVID-METHOD\XVID_SM\BUILD\WIN32\DEBUG\ENCODER.OBJ
F:\XVID-METHOD\XVID_SM\BUILD\WIN32\DEBUG\ESTIMATION_BVOP.OBJ
F:\XVID-METHOD\XVID_SM\BUILD\WIN32\DEBUG\ESTIMATION_COMMON.OBJ
F:\XVID-METHOD\XVID_SM\BUILD\WIN32\DEBUG\ESTIMATION_GMC.OBJ
F:\XVID-METHOD\XVID_SM\BUILD\WIN32\DEBUG\ESTIMATION_PVOP.OBJ
F:\XVID-METHOD\XVID_SM\BUILD\WIN32\DEBUG\ESTIMATION_RD_BASED.OBJ
F:\XVID-METHOD\XVID_SM\BUILD\WIN32\DEBUG\ESTIMATION_RD_BASED_BVOP.OBJ
F:\XVID-METHOD\XVID_SM\BUILD\WIN32\DEBUG\FDCT.OBJ
F:\XVID-METHOD\XVID_SM\BUILD\WIN32\DEBUG\FDCT_MMX_FFMPEG.OBJ
F:\XVID-METHOD\XVID_SM\BUILD\WIN32\DEBUG\FDCT_MMX_SKAL.OBJ
F:\XVID-METHOD\XVID_SM\BUILD\WIN32\DEBUG\FDCT_SSE2_SKAL.OBJ
F:\XVID-METHOD\XVID_SM\BUILD\WIN32\DEBUG\FONT.OBJ
F:\XVID-METHOD\XVID_SM\BUILD\WIN32\DEBUG\GMC.OBJ
F:\XVID-METHOD\XVID_SM\BUILD\WIN32\DEBUG\GMC_MMX.OBJ
F:\XVID-METHOD\XVID_SM\BUILD\WIN32\DEBUG\IDCT.OBJ
F:\XVID-METHOD\XVID_SM\BUILD\WIN32\DEBUG\IDCT_3DNE.OBJ
F:\XVID-METHOD\XVID_SM\BUILD\WIN32\DEBUG\IDCT_MMX.OBJ
F:\XVID-METHOD\XVID_SM\BUILD\WIN32\DEBUG\IDCT_SSE2_DMITRY.OBJ
F:\XVID-METHOD\XVID_SM\BUILD\WIN32\DEBUG\IMAGE.OBJ
F:\XVID-METHOD\XVID_SM\BUILD\WIN32\DEBUG\INTERLACING_MMX.OBJ
F:\XVID-METHOD\XVID_SM\BUILD\WIN32\DEBUG\INTERPOLATE8X8.OBJ
F:\XVID-METHOD\XVID_SM\BUILD\WIN32\DEBUG\INTERPOLATE8X8_3DN.OBJ
F:\XVID-METHOD\XVID_SM\BUILD\WIN32\DEBUG\INTERPOLATE8X8_3DNE.OBJ
F:\XVID-METHOD\XVID_SM\BUILD\WIN32\DEBUG\INTERPOLATE8X8_MMX.OBJ
F:\XVID-METHOD\XVID_SM\BUILD\WIN32\DEBUG\INTERPOLATE8X8_XMM.OBJ
F:\XVID-METHOD\XVID_SM\BUILD\WIN32\DEBUG\LIBXVIDCORE.DLL.INTERMEDIATE.MANIFEST
F:\XVID-METHOD\XVID_SM\BUILD\WIN32\DEBUG\MBCODING.OBJ
F:\XVID-METHOD\XVID_SM\BUILD\WIN32\DEBUG\MBPREDICTION.OBJ
F:\XVID-METHOD\XVID_SM\BUILD\WIN32\DEBUG\MBTRANSQUANT.OBJ
F:\XVID-METHOD\XVID_SM\BUILD\WIN32\DEBUG\MEM_ALIGN.OBJ
F:\XVID-METHOD\XVID_SM\BUILD\WIN32\DEBUG\MEM_TRANSFER.OBJ
F:\XVID-METHOD\XVID_SM\BUILD\WIN32\DEBUG\MEM_TRANSFER_3DNE.OBJ
F:\XVID-METHOD\XVID_SM\BUILD\WIN32\DEBUG\MEM_TRANSFER_MMX.OBJ
F:\XVID-METHOD\XVID_SM\BUILD\WIN32\DEBUG\MOTION_COMP.OBJ
F:\XVID-METHOD\XVID_SM\BUILD\WIN32\DEBUG\PLUGIN_2PASS1.OBJ
F:\XVID-METHOD\XVID_SM\BUILD\WIN32\DEBUG\PLUGIN_2PASS2.OBJ
F:\XVID-METHOD\XVID_SM\BUILD\WIN32\DEBUG\PLUGIN_DUMP.OBJ
F:\XVID-METHOD\XVID_SM\BUILD\WIN32\DEBUG\PLUGIN_LUMIMASKING.OBJ
F:\XVID-METHOD\XVID_SM\BUILD\WIN32\DEBUG\PLUGIN_PSNR.OBJ
F:\XVID-METHOD\XVID_SM\BUILD\WIN32\DEBUG\PLUGIN_PSNRHVSM.OBJ
F:\XVID-METHOD\XVID_SM\BUILD\WIN32\DEBUG\PLUGIN_SINGLE.OBJ
F:\XVID-METHOD\XVID_SM\BUILD\WIN32\DEBUG\PLUGIN_SSIM.OBJ
F:\XVID-METHOD\XVID_SM\BUILD\WIN32\DEBUG\PLUGIN_SSIM-A.OBJ
F:\XVID-METHOD\XVID_SM\BUILD\WIN32\DEBUG\POSTPROCESSING.OBJ
F:\XVID-METHOD\XVID_SM\BUILD\WIN32\DEBUG\POSTPROCESSING_MMX.OBJ
F:\XVID-METHOD\XVID_SM\BUILD\WIN32\DEBUG\POSTPROCESSING_SSE2.OBJ
F:\XVID-METHOD\XVID_SM\BUILD\WIN32\DEBUG\QPEL.OBJ
F:\XVID-METHOD\XVID_SM\BUILD\WIN32\DEBUG\QPEL_MMX.OBJ
F:\XVID-METHOD\XVID_SM\BUILD\WIN32\DEBUG\QUANT_H263.OBJ
F:\XVID-METHOD\XVID_SM\BUILD\WIN32\DEBUG\QUANT_MATRIX.OBJ
F:\XVID-METHOD\XVID_SM\BUILD\WIN32\DEBUG\QUANT_MPEG.OBJ
F:\XVID-METHOD\XVID_SM\BUILD\WIN32\DEBUG\QUANTIZE_H263_3DNE.OBJ
F:\XVID-METHOD\XVID_SM\BUILD\WIN32\DEBUG\QUANTIZE_H263_MMX.OBJ
F:\XVID-METHOD\XVID_SM\BUILD\WIN32\DEBUG\QUANTIZE_MPEG_MMX.OBJ
F:\XVID-METHOD\XVID_SM\BUILD\WIN32\DEBUG\QUANTIZE_MPEG_XMM.OBJ
F:\XVID-METHOD\XVID_SM\BUILD\WIN32\DEBUG\REDUCED.OBJ
F:\XVID-METHOD\XVID_SM\BUILD\WIN32\DEBUG\REDUCED_MMX.OBJ
F:\XVID-METHOD\XVID_SM\BUILD\WIN32\DEBUG\SAD.OBJ
F:\XVID-METHOD\XVID_SM\BUILD\WIN32\DEBUG\SAD_3DN.OBJ
F:\XVID-METHOD\XVID_SM\BUILD\WIN32\DEBUG\SAD_3DNE.OBJ
F:\XVID-METHOD\XVID_SM\BUILD\WIN32\DEBUG\SAD_MMX.OBJ
F:\XVID-METHOD\XVID_SM\BUILD\WIN32\DEBUG\SAD_SSE2.OBJ
F:\XVID-METHOD\XVID_SM\BUILD\WIN32\DEBUG\SAD_XMM.OBJ
F:\XVID-METHOD\XVID_SM\BUILD\WIN32\DEBUG\SIMPLE_IDCT.OBJ
F:\XVID-METHOD\XVID_SM\BUILD\WIN32\DEBUG\TIMER.OBJ
F:\XVID-METHOD\XVID_SM\BUILD\WIN32\DEBUG\VC100.PDB
F:\XVID-METHOD\XVID_SM\BUILD\WIN32\DEBUG\VOP_TYPE_DECISION.OBJ
F:\XVID-METHOD\XVID_SM\BUILD\WIN32\DEBUG\XVID.OBJ
F:\XVID-METHOD\XVID_SM\BUILD\WIN32\DEBUG\XVID_ENCRAW.EXE.INTERMEDIATE.MANIFEST
F:\XVID-METHOD\XVID_SM\BUILD\WIN32\DEBUG\XVID_ENCRAW.OBJ
F:\XVID-METHOD\XVID_SM\BUILD\WIN32\DEBUG\XVID_ENCRAW.PDB
F:\XVID-METHOD\XVID_SM\BUILD\WIN32\DEBUG\XVIDCORE.PDB
F:\XVID-METHOD\XVID_SM2\BUILD\WIN32\BIN\XVID_ENCRAW.EXE
F:\XVID-METHOD\XVID_SM2\BUILD\WIN32\BIN\XVID_ENCRAW.ILK
F:\XVID-METHOD\XVID_SM2\BUILD\WIN32\BIN\XVIDCORE.DLL
F:\XVID-METHOD\xvid_sm2\build\win32\bin\xvidcore.dll.a
F:\XVID-METHOD\xvid_sm2\build\win32\bin\xvidcore.dll.exp
F:\XVID-METHOD\XVID_SM2\BUILD\WIN32\BIN\XVIDCORE.ILK
F:\XVID-METHOD\XVID_SM2\BUILD\WIN32\DEBUG\BITSTREAM.OBJ
F:\XVID-METHOD\XVID_SM2\BUILD\WIN32\DEBUG\CBP.OBJ
F:\XVID-METHOD\XVID_SM2\BUILD\WIN32\DEBUG\CBP_MMX.OBJ
F:\XVID-METHOD\XVID_SM2\BUILD\WIN32\DEBUG\CBP_SSE2.OBJ
F:\XVID-METHOD\XVID_SM2\BUILD\WIN32\DEBUG\COLORSPACE.OBJ
F:\XVID-METHOD\XVID_SM2\BUILD\WIN32\DEBUG\COLORSPACE_RGB_MMX.OBJ
F:\XVID-METHOD\XVID_SM2\BUILD\WIN32\DEBUG\COLORSPACE_YUV_MMX.OBJ
F:\XVID-METHOD\XVID_SM2\BUILD\WIN32\DEBUG\COLORSPACE_YUYV_MMX.OBJ
F:\XVID-METHOD\XVID_SM2\BUILD\WIN32\DEBUG\CPUID.OBJ
F:\XVID-METHOD\XVID_SM2\BUILD\WIN32\DEBUG\DECODER.OBJ
F:\XVID-METHOD\XVID_SM2\BUILD\WIN32\DEBUG\DEINTL_SSE.OBJ
F:\XVID-METHOD\XVID_SM2\BUILD\WIN32\DEBUG\EMMS.OBJ
F:\XVID-METHOD\XVID_SM2\BUILD\WIN32\DEBUG\ENCODER.OBJ
F:\XVID-METHOD\XVID_SM2\BUILD\WIN32\DEBUG\ESTIMATION_BVOP.OBJ
F:\XVID-METHOD\XVID_SM2\BUILD\WIN32\DEBUG\ESTIMATION_COMMON.OBJ
F:\XVID-METHOD\XVID_SM2\BUILD\WIN32\DEBUG\ESTIMATION_GMC.OBJ
F:\XVID-METHOD\XVID_SM2\BUILD\WIN32\DEBUG\ESTIMATION_PVOP.OBJ
F:\XVID-METHOD\XVID_SM2\BUILD\WIN32\DEBUG\ESTIMATION_RD_BASED.OBJ
F:\XVID-METHOD\XVID_SM2\BUILD\WIN32\DEBUG\ESTIMATION_RD_BASED_BVOP.OBJ
F:\XVID-METHOD\XVID_SM2\BUILD\WIN32\DEBUG\FDCT.OBJ
F:\XVID-METHOD\XVID_SM2\BUILD\WIN32\DEBUG\FDCT_MMX_FFMPEG.OBJ
F:\XVID-METHOD\XVID_SM2\BUILD\WIN32\DEBUG\FDCT_MMX_SKAL.OBJ
F:\XVID-METHOD\XVID_SM2\BUILD\WIN32\DEBUG\FDCT_SSE2_SKAL.OBJ
F:\XVID-METHOD\XVID_SM2\BUILD\WIN32\DEBUG\FONT.OBJ
F:\XVID-METHOD\XVID_SM2\BUILD\WIN32\DEBUG\GMC.OBJ
F:\XVID-METHOD\XVID_SM2\BUILD\WIN32\DEBUG\GMC_MMX.OBJ
F:\XVID-METHOD\XVID_SM2\BUILD\WIN32\DEBUG\IDCT.OBJ
F:\XVID-METHOD\XVID_SM2\BUILD\WIN32\DEBUG\IDCT_3DNE.OBJ
F:\XVID-METHOD\XVID_SM2\BUILD\WIN32\DEBUG\IDCT_MMX.OBJ
F:\XVID-METHOD\XVID_SM2\BUILD\WIN32\DEBUG\IDCT_SSE2_DMITRY.OBJ
F:\XVID-METHOD\XVID_SM2\BUILD\WIN32\DEBUG\IMAGE.OBJ
F:\XVID-METHOD\XVID_SM2\BUILD\WIN32\DEBUG\INTERLACING_MMX.OBJ
F:\XVID-METHOD\XVID_SM2\BUILD\WIN32\DEBUG\INTERPOLATE8X8.OBJ
F:\XVID-METHOD\XVID_SM2\BUILD\WIN32\DEBUG\INTERPOLATE8X8_3DN.OBJ
F:\XVID-METHOD\XVID_SM2\BUILD\WIN32\DEBUG\INTERPOLATE8X8_3DNE.OBJ
F:\XVID-METHOD\XVID_SM2\BUILD\WIN32\DEBUG\INTERPOLATE8X8_MMX.OBJ
F:\XVID-METHOD\XVID_SM2\BUILD\WIN32\DEBUG\INTERPOLATE8X8_XMM.OBJ
F:\XVID-METHOD\XVID_SM2\BUILD\WIN32\DEBUG\LIBXVIDCORE.DLL.INTERMEDIATE.MANIFEST
F:\XVID-METHOD\XVID_SM2\BUILD\WIN32\DEBUG\MBCODING.OBJ
F:\XVID-METHOD\XVID_SM2\BUILD\WIN32\DEBUG\MBPREDICTION.OBJ
F:\XVID-METHOD\XVID_SM2\BUILD\WIN32\DEBUG\MBTRANSQUANT.OBJ
F:\XVID-METHOD\XVID_SM2\BUILD\WIN32\DEBUG\MEM_ALIGN.OBJ
F:\XVID-METHOD\XVID_SM2\BUILD\WIN32\DEBUG\MEM_TRANSFER.OBJ
F:\XVID-METHOD\XVID_SM2\BUILD\WIN32\DEBUG\MEM_TRANSFER_3DNE.OBJ
F:\XVID-METHOD\XVID_SM2\BUILD\WIN32\DEBUG\MEM_TRANSFER_MMX.OBJ
F:\XVID-METHOD\XVID_SM2\BUILD\WIN32\DEBUG\MOTION_COMP.OBJ
F:\XVID-METHOD\XVID_SM2\BUILD\WIN32\DEBUG\PLUGIN_2PASS1.OBJ
F:\XVID-METHOD\XVID_SM2\BUILD\WIN32\DEBUG\PLUGIN_2PASS2.OBJ
F:\XVID-METHOD\XVID_SM2\BUILD\WIN32\DEBUG\PLUGIN_DUMP.OBJ
F:\XVID-METHOD\XVID_SM2\BUILD\WIN32\DEBUG\PLUGIN_LUMIMASKING.OBJ
F:\XVID-METHOD\XVID_SM2\BUILD\WIN32\DEBUG\PLUGIN_PSNR.OBJ
F:\XVID-METHOD\XVID_SM2\BUILD\WIN32\DEBUG\PLUGIN_PSNRHVSM.OBJ
F:\XVID-METHOD\XVID_SM2\BUILD\WIN32\DEBUG\PLUGIN_SINGLE.OBJ
F:\XVID-METHOD\XVID_SM2\BUILD\WIN32\DEBUG\PLUGIN_SSIM.OBJ
F:\XVID-METHOD\XVID_SM2\BUILD\WIN32\DEBUG\PLUGIN_SSIM-A.OBJ
F:\XVID-METHOD\XVID_SM2\BUILD\WIN32\DEBUG\POSTPROCESSING.OBJ
F:\XVID-METHOD\XVID_SM2\BUILD\WIN32\DEBUG\POSTPROCESSING_MMX.OBJ
F:\XVID-METHOD\XVID_SM2\BUILD\WIN32\DEBUG\POSTPROCESSING_SSE2.OBJ
F:\XVID-METHOD\XVID_SM2\BUILD\WIN32\DEBUG\QPEL.OBJ
F:\XVID-METHOD\XVID_SM2\BUILD\WIN32\DEBUG\QPEL_MMX.OBJ
F:\XVID-METHOD\XVID_SM2\BUILD\WIN32\DEBUG\QUANT_H263.OBJ
F:\XVID-METHOD\XVID_SM2\BUILD\WIN32\DEBUG\QUANT_MATRIX.OBJ
F:\XVID-METHOD\XVID_SM2\BUILD\WIN32\DEBUG\QUANT_MPEG.OBJ
F:\XVID-METHOD\XVID_SM2\BUILD\WIN32\DEBUG\QUANTIZE_H263_3DNE.OBJ
F:\XVID-METHOD\XVID_SM2\BUILD\WIN32\DEBUG\QUANTIZE_H263_MMX.OBJ
F:\XVID-METHOD\XVID_SM2\BUILD\WIN32\DEBUG\QUANTIZE_MPEG_MMX.OBJ
F:\XVID-METHOD\XVID_SM2\BUILD\WIN32\DEBUG\QUANTIZE_MPEG_XMM.OBJ
F:\XVID-METHOD\XVID_SM2\BUILD\WIN32\DEBUG\REDUCED.OBJ
F:\XVID-METHOD\XVID_SM2\BUILD\WIN32\DEBUG\REDUCED_MMX.OBJ
F:\XVID-METHOD\XVID_SM2\BUILD\WIN32\DEBUG\SAD.OBJ
F:\XVID-METHOD\XVID_SM2\BUILD\WIN32\DEBUG\SAD_3DN.OBJ
F:\XVID-METHOD\XVID_SM2\BUILD\WIN32\DEBUG\SAD_3DNE.OBJ
F:\XVID-METHOD\XVID_SM2\BUILD\WIN32\DEBUG\SAD_MMX.OBJ
F:\XVID-METHOD\XVID_SM2\BUILD\WIN32\DEBUG\SAD_SSE2.OBJ
F:\XVID-METHOD\XVID_SM2\BUILD\WIN32\DEBUG\SAD_XMM.OBJ
F:\XVID-METHOD\XVID_SM2\BUILD\WIN32\DEBUG\SIMPLE_IDCT.OBJ
F:\XVID-METHOD\XVID_SM2\BUILD\WIN32\DEBUG\TIMER.OBJ
F:\XVID-METHOD\XVID_SM2\BUILD\WIN32\DEBUG\VC100.PDB
F:\XVID-METHOD\XVID_SM2\BUILD\WIN32\DEBUG\VOP_TYPE_DECISION.OBJ
F:\XVID-METHOD\XVID_SM2\BUILD\WIN32\DEBUG\XVID.OBJ
F:\XVID-METHOD\XVID_SM2\BUILD\WIN32\DEBUG\XVID_ENCRAW.EXE.INTERMEDIATE.MANIFEST
F:\XVID-METHOD\XVID_SM2\BUILD\WIN32\DEBUG\XVID_ENCRAW.OBJ
F:\XVID-METHOD\XVID_SM2\BUILD\WIN32\DEBUG\XVID_ENCRAW.PDB
F:\XVID-METHOD\XVID_SM2\BUILD\WIN32\DEBUG\XVIDCORE.PDB
