D:\XVID_ALY\BUILD\WIN32\DEBUG\BITSTREAM.OBJ
D:\XVID_ALY\BUILD\WIN32\DEBUG\CBP.OBJ
D:\XVID_ALY\BUILD\WIN32\DEBUG\CBP_MMX.OBJ
D:\XVID_ALY\BUILD\WIN32\DEBUG\CBP_SSE2.OBJ
D:\xvid_aly\build\win32\Debug\cl.command.1.tlog
D:\xvid_aly\build\win32\Debug\CL.read.1.tlog
D:\xvid_aly\build\win32\Debug\CL.write.1.tlog
D:\XVID_ALY\BUILD\WIN32\DEBUG\COLORSPACE.OBJ
D:\XVID_ALY\BUILD\WIN32\DEBUG\COLORSPACE_RGB_MMX.OBJ
D:\XVID_ALY\BUILD\WIN32\DEBUG\COLORSPACE_YUV_MMX.OBJ
D:\XVID_ALY\BUILD\WIN32\DEBUG\COLORSPACE_YUYV_MMX.OBJ
D:\XVID_ALY\BUILD\WIN32\DEBUG\CPUID.OBJ
D:\xvid_aly\build\win32\Debug\custombuild.command.1.tlog
D:\xvid_aly\build\win32\Debug\custombuild.read.1.tlog
D:\xvid_aly\build\win32\Debug\custombuild.write.1.tlog
D:\XVID_ALY\BUILD\WIN32\DEBUG\DECODER.OBJ
D:\XVID_ALY\BUILD\WIN32\DEBUG\DEINTL_SSE.OBJ
D:\XVID_ALY\BUILD\WIN32\DEBUG\EMMS.OBJ
D:\XVID_ALY\BUILD\WIN32\DEBUG\ENCODER.OBJ
D:\XVID_ALY\BUILD\WIN32\DEBUG\ESTIMATION_BVOP.OBJ
D:\XVID_ALY\BUILD\WIN32\DEBUG\ESTIMATION_COMMON.OBJ
D:\XVID_ALY\BUILD\WIN32\DEBUG\ESTIMATION_GMC.OBJ
D:\XVID_ALY\BUILD\WIN32\DEBUG\ESTIMATION_PVOP.OBJ
D:\XVID_ALY\BUILD\WIN32\DEBUG\ESTIMATION_RD_BASED.OBJ
D:\XVID_ALY\BUILD\WIN32\DEBUG\ESTIMATION_RD_BASED_BVOP.OBJ
D:\XVID_ALY\BUILD\WIN32\DEBUG\FDCT.OBJ
D:\XVID_ALY\BUILD\WIN32\DEBUG\FDCT_MMX_FFMPEG.OBJ
D:\XVID_ALY\BUILD\WIN32\DEBUG\FDCT_MMX_SKAL.OBJ
D:\XVID_ALY\BUILD\WIN32\DEBUG\FDCT_SSE2_SKAL.OBJ
D:\XVID_ALY\BUILD\WIN32\DEBUG\FONT.OBJ
D:\XVID_ALY\BUILD\WIN32\DEBUG\GMC.OBJ
D:\XVID_ALY\BUILD\WIN32\DEBUG\GMC_MMX.OBJ
D:\XVID_ALY\BUILD\WIN32\DEBUG\IDCT.OBJ
D:\XVID_ALY\BUILD\WIN32\DEBUG\IDCT_3DNE.OBJ
D:\XVID_ALY\BUILD\WIN32\DEBUG\IDCT_MMX.OBJ
D:\XVID_ALY\BUILD\WIN32\DEBUG\IDCT_SSE2_DMITRY.OBJ
D:\XVID_ALY\BUILD\WIN32\DEBUG\IMAGE.OBJ
D:\XVID_ALY\BUILD\WIN32\DEBUG\INTERLACING_MMX.OBJ
D:\XVID_ALY\BUILD\WIN32\DEBUG\INTERPOLATE8X8.OBJ
D:\XVID_ALY\BUILD\WIN32\DEBUG\INTERPOLATE8X8_3DN.OBJ
D:\XVID_ALY\BUILD\WIN32\DEBUG\INTERPOLATE8X8_3DNE.OBJ
D:\XVID_ALY\BUILD\WIN32\DEBUG\INTERPOLATE8X8_MMX.OBJ
D:\XVID_ALY\BUILD\WIN32\DEBUG\INTERPOLATE8X8_XMM.OBJ
D:\xvid_aly\build\win32\Debug\libxvidcore.dll.embed.manifest
D:\XVID_ALY\BUILD\WIN32\DEBUG\LIBXVIDCORE.DLL.EMBED.MANIFEST.RES
D:\xvid_aly\build\win32\Debug\libxvidcore.write.1.tlog
D:\xvid_aly\build\win32\Debug\libxvidcore_manifest.rc
D:\xvid_aly\build\win32\Debug\link.command.1.tlog
D:\xvid_aly\build\win32\Debug\link.read.1.tlog
D:\xvid_aly\build\win32\Debug\link.write.1.tlog
D:\XVID_ALY\BUILD\WIN32\DEBUG\MBCODING.OBJ
D:\XVID_ALY\BUILD\WIN32\DEBUG\MBPREDICTION.OBJ
D:\XVID_ALY\BUILD\WIN32\DEBUG\MBTRANSQUANT.OBJ
D:\XVID_ALY\BUILD\WIN32\DEBUG\MEM_ALIGN.OBJ
D:\XVID_ALY\BUILD\WIN32\DEBUG\MEM_TRANSFER.OBJ
D:\XVID_ALY\BUILD\WIN32\DEBUG\MEM_TRANSFER_3DNE.OBJ
D:\XVID_ALY\BUILD\WIN32\DEBUG\MEM_TRANSFER_MMX.OBJ
D:\XVID_ALY\BUILD\WIN32\DEBUG\MOTION_COMP.OBJ
D:\XVID_ALY\BUILD\WIN32\DEBUG\PLUGIN_2PASS1.OBJ
D:\XVID_ALY\BUILD\WIN32\DEBUG\PLUGIN_2PASS2.OBJ
D:\XVID_ALY\BUILD\WIN32\DEBUG\PLUGIN_DUMP.OBJ
D:\XVID_ALY\BUILD\WIN32\DEBUG\PLUGIN_LUMIMASKING.OBJ
D:\XVID_ALY\BUILD\WIN32\DEBUG\PLUGIN_PSNR.OBJ
D:\XVID_ALY\BUILD\WIN32\DEBUG\PLUGIN_PSNRHVSM.OBJ
D:\XVID_ALY\BUILD\WIN32\DEBUG\PLUGIN_SINGLE.OBJ
D:\XVID_ALY\BUILD\WIN32\DEBUG\PLUGIN_SSIM.OBJ
D:\XVID_ALY\BUILD\WIN32\DEBUG\PLUGIN_SSIM-A.OBJ
D:\XVID_ALY\BUILD\WIN32\DEBUG\POSTPROCESSING.OBJ
D:\XVID_ALY\BUILD\WIN32\DEBUG\POSTPROCESSING_MMX.OBJ
D:\XVID_ALY\BUILD\WIN32\DEBUG\POSTPROCESSING_SSE2.OBJ
D:\XVID_ALY\BUILD\WIN32\DEBUG\QPEL.OBJ
D:\XVID_ALY\BUILD\WIN32\DEBUG\QPEL_MMX.OBJ
D:\XVID_ALY\BUILD\WIN32\DEBUG\QUANT_H263.OBJ
D:\XVID_ALY\BUILD\WIN32\DEBUG\QUANT_MATRIX.OBJ
D:\XVID_ALY\BUILD\WIN32\DEBUG\QUANT_MPEG.OBJ
D:\XVID_ALY\BUILD\WIN32\DEBUG\QUANTIZE_H263_3DNE.OBJ
D:\XVID_ALY\BUILD\WIN32\DEBUG\QUANTIZE_H263_MMX.OBJ
D:\XVID_ALY\BUILD\WIN32\DEBUG\QUANTIZE_MPEG_MMX.OBJ
D:\XVID_ALY\BUILD\WIN32\DEBUG\QUANTIZE_MPEG_XMM.OBJ
D:\xvid_aly\build\win32\Debug\rc.command.1.tlog
D:\xvid_aly\build\win32\Debug\rc.read.1.tlog
D:\xvid_aly\build\win32\Debug\rc.write.1.tlog
D:\XVID_ALY\BUILD\WIN32\DEBUG\REDUCED.OBJ
D:\XVID_ALY\BUILD\WIN32\DEBUG\REDUCED_MMX.OBJ
D:\XVID_ALY\BUILD\WIN32\DEBUG\SAD.OBJ
D:\XVID_ALY\BUILD\WIN32\DEBUG\SAD_3DN.OBJ
D:\XVID_ALY\BUILD\WIN32\DEBUG\SAD_3DNE.OBJ
D:\XVID_ALY\BUILD\WIN32\DEBUG\SAD_MMX.OBJ
D:\XVID_ALY\BUILD\WIN32\DEBUG\SAD_SSE2.OBJ
D:\XVID_ALY\BUILD\WIN32\DEBUG\SAD_XMM.OBJ
D:\XVID_ALY\BUILD\WIN32\DEBUG\SIMPLE_IDCT.OBJ
D:\XVID_ALY\BUILD\WIN32\DEBUG\TIMER.OBJ
D:\xvid_aly\build\win32\Debug\vc100.idb
D:\XVID_ALY\BUILD\WIN32\DEBUG\VC100.PDB
D:\XVID_ALY\BUILD\WIN32\DEBUG\VOP_TYPE_DECISION.OBJ
D:\XVID_ALY\BUILD\WIN32\DEBUG\XVID.OBJ
D:\xvid_aly\build\win32\Debug\xvid_encraw.exe.embed.manifest
D:\XVID_ALY\BUILD\WIN32\DEBUG\XVID_ENCRAW.EXE.EMBED.MANIFEST.RES
D:\XVID_ALY\BUILD\WIN32\DEBUG\XVID_ENCRAW.OBJ
D:\xvid_aly\build\win32\Debug\xvid_encraw.write.1.tlog
D:\xvid_aly\build\win32\Debug\xvid_encraw_manifest.rc
