.\bin\xvid_decraw.pdb
F:\App\xvid_sm\build\win32\.\bin\xvid_decraw.exe.manifest
F:\APP\XVID_SM\BUILD\WIN32\BIN\XVIDCORE.DLL
F:\App\xvid_sm\build\win32\bin\xvidcore.dll.a
F:\App\xvid_sm\build\win32\bin\xvidcore.dll.exp
F:\APP\XVID_SM\BUILD\WIN32\BIN\XVIDCORE.ILK
F:\APP\XVID_SM\BUILD\WIN32\DEBUG\BITSTREAM.OBJ
F:\APP\XVID_SM\BUILD\WIN32\DEBUG\CBP.OBJ
F:\APP\XVID_SM\BUILD\WIN32\DEBUG\CBP_MMX.OBJ
F:\APP\XVID_SM\BUILD\WIN32\DEBUG\CBP_SSE2.OBJ
F:\App\xvid_sm\build\win32\Debug\cl.command.1.tlog
F:\App\xvid_sm\build\win32\Debug\CL.read.1.tlog
F:\App\xvid_sm\build\win32\Debug\CL.write.1.tlog
F:\APP\XVID_SM\BUILD\WIN32\DEBUG\COLORSPACE.OBJ
F:\APP\XVID_SM\BUILD\WIN32\DEBUG\COLORSPACE_RGB_MMX.OBJ
F:\APP\XVID_SM\BUILD\WIN32\DEBUG\COLORSPACE_YUV_MMX.OBJ
F:\APP\XVID_SM\BUILD\WIN32\DEBUG\COLORSPACE_YUYV_MMX.OBJ
F:\APP\XVID_SM\BUILD\WIN32\DEBUG\CPUID.OBJ
F:\App\xvid_sm\build\win32\Debug\custombuild.command.1.tlog
F:\App\xvid_sm\build\win32\Debug\custombuild.read.1.tlog
F:\App\xvid_sm\build\win32\Debug\custombuild.write.1.tlog
F:\APP\XVID_SM\BUILD\WIN32\DEBUG\DECODER.OBJ
F:\APP\XVID_SM\BUILD\WIN32\DEBUG\DEINTL_SSE.OBJ
F:\APP\XVID_SM\BUILD\WIN32\DEBUG\EMMS.OBJ
F:\APP\XVID_SM\BUILD\WIN32\DEBUG\ENCODER.OBJ
F:\APP\XVID_SM\BUILD\WIN32\DEBUG\ESTIMATION_BVOP.OBJ
F:\APP\XVID_SM\BUILD\WIN32\DEBUG\ESTIMATION_COMMON.OBJ
F:\APP\XVID_SM\BUILD\WIN32\DEBUG\ESTIMATION_GMC.OBJ
F:\APP\XVID_SM\BUILD\WIN32\DEBUG\ESTIMATION_PVOP.OBJ
F:\APP\XVID_SM\BUILD\WIN32\DEBUG\ESTIMATION_RD_BASED.OBJ
F:\APP\XVID_SM\BUILD\WIN32\DEBUG\ESTIMATION_RD_BASED_BVOP.OBJ
F:\APP\XVID_SM\BUILD\WIN32\DEBUG\FDCT.OBJ
F:\APP\XVID_SM\BUILD\WIN32\DEBUG\FDCT_MMX_FFMPEG.OBJ
F:\APP\XVID_SM\BUILD\WIN32\DEBUG\FDCT_MMX_SKAL.OBJ
F:\APP\XVID_SM\BUILD\WIN32\DEBUG\FDCT_SSE2_SKAL.OBJ
F:\APP\XVID_SM\BUILD\WIN32\DEBUG\FONT.OBJ
F:\APP\XVID_SM\BUILD\WIN32\DEBUG\GMC.OBJ
F:\APP\XVID_SM\BUILD\WIN32\DEBUG\GMC_MMX.OBJ
F:\APP\XVID_SM\BUILD\WIN32\DEBUG\IDCT.OBJ
F:\APP\XVID_SM\BUILD\WIN32\DEBUG\IDCT_3DNE.OBJ
F:\APP\XVID_SM\BUILD\WIN32\DEBUG\IDCT_MMX.OBJ
F:\APP\XVID_SM\BUILD\WIN32\DEBUG\IDCT_SSE2_DMITRY.OBJ
F:\APP\XVID_SM\BUILD\WIN32\DEBUG\IMAGE.OBJ
F:\APP\XVID_SM\BUILD\WIN32\DEBUG\INTERLACING_MMX.OBJ
F:\APP\XVID_SM\BUILD\WIN32\DEBUG\INTERPOLATE8X8.OBJ
F:\APP\XVID_SM\BUILD\WIN32\DEBUG\INTERPOLATE8X8_3DN.OBJ
F:\APP\XVID_SM\BUILD\WIN32\DEBUG\INTERPOLATE8X8_3DNE.OBJ
F:\APP\XVID_SM\BUILD\WIN32\DEBUG\INTERPOLATE8X8_MMX.OBJ
F:\APP\XVID_SM\BUILD\WIN32\DEBUG\INTERPOLATE8X8_XMM.OBJ
F:\APP\XVID_SM\BUILD\WIN32\DEBUG\LIBXVIDCORE.DLL.INTERMEDIATE.MANIFEST
F:\APP\XVID_SM\BUILD\WIN32\DEBUG\LIBXVIDCORE.DLL.MANIFEST
F:\App\xvid_sm\build\win32\Debug\libxvidcore.write.1.tlog
F:\App\xvid_sm\build\win32\Debug\link.command.1.tlog
F:\App\xvid_sm\build\win32\Debug\link.read.1.tlog
F:\App\xvid_sm\build\win32\Debug\link.write.1.tlog
F:\APP\XVID_SM\BUILD\WIN32\DEBUG\MBCODING.OBJ
F:\APP\XVID_SM\BUILD\WIN32\DEBUG\MBPREDICTION.OBJ
F:\APP\XVID_SM\BUILD\WIN32\DEBUG\MBTRANSQUANT.OBJ
F:\APP\XVID_SM\BUILD\WIN32\DEBUG\MEM_ALIGN.OBJ
F:\APP\XVID_SM\BUILD\WIN32\DEBUG\MEM_TRANSFER.OBJ
F:\APP\XVID_SM\BUILD\WIN32\DEBUG\MEM_TRANSFER_3DNE.OBJ
F:\APP\XVID_SM\BUILD\WIN32\DEBUG\MEM_TRANSFER_MMX.OBJ
F:\APP\XVID_SM\BUILD\WIN32\DEBUG\MOTION_COMP.OBJ
F:\App\xvid_sm\build\win32\Debug\mt.command.1.tlog
F:\App\xvid_sm\build\win32\Debug\mt.read.1.tlog
F:\App\xvid_sm\build\win32\Debug\mt.write.1.tlog
F:\APP\XVID_SM\BUILD\WIN32\DEBUG\PLUGIN_2PASS1.OBJ
F:\APP\XVID_SM\BUILD\WIN32\DEBUG\PLUGIN_2PASS2.OBJ
F:\APP\XVID_SM\BUILD\WIN32\DEBUG\PLUGIN_DUMP.OBJ
F:\APP\XVID_SM\BUILD\WIN32\DEBUG\PLUGIN_LUMIMASKING.OBJ
F:\APP\XVID_SM\BUILD\WIN32\DEBUG\PLUGIN_PSNR.OBJ
F:\APP\XVID_SM\BUILD\WIN32\DEBUG\PLUGIN_PSNRHVSM.OBJ
F:\APP\XVID_SM\BUILD\WIN32\DEBUG\PLUGIN_SINGLE.OBJ
F:\APP\XVID_SM\BUILD\WIN32\DEBUG\PLUGIN_SSIM.OBJ
F:\APP\XVID_SM\BUILD\WIN32\DEBUG\PLUGIN_SSIM-A.OBJ
F:\APP\XVID_SM\BUILD\WIN32\DEBUG\POSTPROCESSING.OBJ
F:\APP\XVID_SM\BUILD\WIN32\DEBUG\POSTPROCESSING_MMX.OBJ
F:\APP\XVID_SM\BUILD\WIN32\DEBUG\POSTPROCESSING_SSE2.OBJ
F:\APP\XVID_SM\BUILD\WIN32\DEBUG\QPEL.OBJ
F:\APP\XVID_SM\BUILD\WIN32\DEBUG\QPEL_MMX.OBJ
F:\APP\XVID_SM\BUILD\WIN32\DEBUG\QUANT_H263.OBJ
F:\APP\XVID_SM\BUILD\WIN32\DEBUG\QUANT_MATRIX.OBJ
F:\APP\XVID_SM\BUILD\WIN32\DEBUG\QUANT_MPEG.OBJ
F:\APP\XVID_SM\BUILD\WIN32\DEBUG\QUANTIZE_H263_3DNE.OBJ
F:\APP\XVID_SM\BUILD\WIN32\DEBUG\QUANTIZE_H263_MMX.OBJ
F:\APP\XVID_SM\BUILD\WIN32\DEBUG\QUANTIZE_MPEG_MMX.OBJ
F:\APP\XVID_SM\BUILD\WIN32\DEBUG\QUANTIZE_MPEG_XMM.OBJ
F:\APP\XVID_SM\BUILD\WIN32\DEBUG\REDUCED.OBJ
F:\APP\XVID_SM\BUILD\WIN32\DEBUG\REDUCED_MMX.OBJ
F:\APP\XVID_SM\BUILD\WIN32\DEBUG\SAD.OBJ
F:\APP\XVID_SM\BUILD\WIN32\DEBUG\SAD_3DN.OBJ
F:\APP\XVID_SM\BUILD\WIN32\DEBUG\SAD_3DNE.OBJ
F:\APP\XVID_SM\BUILD\WIN32\DEBUG\SAD_MMX.OBJ
F:\APP\XVID_SM\BUILD\WIN32\DEBUG\SAD_SSE2.OBJ
F:\APP\XVID_SM\BUILD\WIN32\DEBUG\SAD_XMM.OBJ
F:\APP\XVID_SM\BUILD\WIN32\DEBUG\SIMPLE_IDCT.OBJ
F:\APP\XVID_SM\BUILD\WIN32\DEBUG\TIMER.OBJ
F:\App\xvid_sm\build\win32\Debug\vc100.idb
F:\APP\XVID_SM\BUILD\WIN32\DEBUG\VC100.PDB
F:\APP\XVID_SM\BUILD\WIN32\DEBUG\VOP_TYPE_DECISION.OBJ
F:\APP\XVID_SM\BUILD\WIN32\DEBUG\XVID.OBJ
F:\APP\XVID_SM\BUILD\WIN32\DEBUG\XVIDCORE.PDB
