F:\XVID-METHOD\xvid_slide\build\win32\.\Release\libxvidcore.dll.intermediate.manifest
F:\XVID-METHOD\XVID_SLIDE\BUILD\WIN32\BIN\XVID_ENCRAW.EXE
F:\XVID-METHOD\XVID_SLIDE\BUILD\WIN32\BIN\XVIDCORE.DLL
F:\XVID-METHOD\xvid_slide\build\win32\bin\xvidcore.dll.a
F:\XVID-METHOD\xvid_slide\build\win32\bin\xvidcore.dll.exp
F:\XVID-METHOD\XVID_SLIDE\BUILD\WIN32\RELEASE\BITSTREAM.OBJ
F:\XVID-METHOD\XVID_SLIDE\BUILD\WIN32\RELEASE\CBP.OBJ
F:\XVID-METHOD\XVID_SLIDE\BUILD\WIN32\RELEASE\CBP_MMX.OBJ
F:\XVID-METHOD\XVID_SLIDE\BUILD\WIN32\RELEASE\CBP_SSE2.OBJ
F:\XVID-METHOD\xvid_slide\build\win32\Release\cl.command.1.tlog
F:\XVID-METHOD\xvid_slide\build\win32\Release\CL.read.1.tlog
F:\XVID-METHOD\xvid_slide\build\win32\Release\CL.write.1.tlog
F:\XVID-METHOD\XVID_SLIDE\BUILD\WIN32\RELEASE\COLORSPACE.OBJ
F:\XVID-METHOD\XVID_SLIDE\BUILD\WIN32\RELEASE\COLORSPACE_RGB_MMX.OBJ
F:\XVID-METHOD\XVID_SLIDE\BUILD\WIN32\RELEASE\COLORSPACE_YUV_MMX.OBJ
F:\XVID-METHOD\XVID_SLIDE\BUILD\WIN32\RELEASE\COLORSPACE_YUYV_MMX.OBJ
F:\XVID-METHOD\XVID_SLIDE\BUILD\WIN32\RELEASE\CPUID.OBJ
F:\XVID-METHOD\xvid_slide\build\win32\Release\custombuild.command.1.tlog
F:\XVID-METHOD\xvid_slide\build\win32\Release\custombuild.read.1.tlog
F:\XVID-METHOD\xvid_slide\build\win32\Release\custombuild.write.1.tlog
F:\XVID-METHOD\XVID_SLIDE\BUILD\WIN32\RELEASE\DECODER.OBJ
F:\XVID-METHOD\XVID_SLIDE\BUILD\WIN32\RELEASE\DEINTL_SSE.OBJ
F:\XVID-METHOD\XVID_SLIDE\BUILD\WIN32\RELEASE\EMMS.OBJ
F:\XVID-METHOD\XVID_SLIDE\BUILD\WIN32\RELEASE\ENCODER.OBJ
F:\XVID-METHOD\XVID_SLIDE\BUILD\WIN32\RELEASE\ESTIMATION_BVOP.OBJ
F:\XVID-METHOD\XVID_SLIDE\BUILD\WIN32\RELEASE\ESTIMATION_COMMON.OBJ
F:\XVID-METHOD\XVID_SLIDE\BUILD\WIN32\RELEASE\ESTIMATION_GMC.OBJ
F:\XVID-METHOD\XVID_SLIDE\BUILD\WIN32\RELEASE\ESTIMATION_PVOP.OBJ
F:\XVID-METHOD\XVID_SLIDE\BUILD\WIN32\RELEASE\ESTIMATION_RD_BASED.OBJ
F:\XVID-METHOD\XVID_SLIDE\BUILD\WIN32\RELEASE\ESTIMATION_RD_BASED_BVOP.OBJ
F:\XVID-METHOD\XVID_SLIDE\BUILD\WIN32\RELEASE\FDCT.OBJ
F:\XVID-METHOD\XVID_SLIDE\BUILD\WIN32\RELEASE\FDCT_MMX_FFMPEG.OBJ
F:\XVID-METHOD\XVID_SLIDE\BUILD\WIN32\RELEASE\FDCT_MMX_SKAL.OBJ
F:\XVID-METHOD\XVID_SLIDE\BUILD\WIN32\RELEASE\FDCT_SSE2_SKAL.OBJ
F:\XVID-METHOD\XVID_SLIDE\BUILD\WIN32\RELEASE\FONT.OBJ
F:\XVID-METHOD\XVID_SLIDE\BUILD\WIN32\RELEASE\GMC.OBJ
F:\XVID-METHOD\XVID_SLIDE\BUILD\WIN32\RELEASE\GMC_MMX.OBJ
F:\XVID-METHOD\XVID_SLIDE\BUILD\WIN32\RELEASE\IDCT.OBJ
F:\XVID-METHOD\XVID_SLIDE\BUILD\WIN32\RELEASE\IDCT_3DNE.OBJ
F:\XVID-METHOD\XVID_SLIDE\BUILD\WIN32\RELEASE\IDCT_MMX.OBJ
F:\XVID-METHOD\XVID_SLIDE\BUILD\WIN32\RELEASE\IDCT_SSE2_DMITRY.OBJ
F:\XVID-METHOD\XVID_SLIDE\BUILD\WIN32\RELEASE\IMAGE.OBJ
F:\XVID-METHOD\XVID_SLIDE\BUILD\WIN32\RELEASE\INTERLACING_MMX.OBJ
F:\XVID-METHOD\XVID_SLIDE\BUILD\WIN32\RELEASE\INTERPOLATE8X8.OBJ
F:\XVID-METHOD\XVID_SLIDE\BUILD\WIN32\RELEASE\INTERPOLATE8X8_3DN.OBJ
F:\XVID-METHOD\XVID_SLIDE\BUILD\WIN32\RELEASE\INTERPOLATE8X8_3DNE.OBJ
F:\XVID-METHOD\XVID_SLIDE\BUILD\WIN32\RELEASE\INTERPOLATE8X8_MMX.OBJ
F:\XVID-METHOD\XVID_SLIDE\BUILD\WIN32\RELEASE\INTERPOLATE8X8_XMM.OBJ
F:\XVID-METHOD\XVID_SLIDE\BUILD\WIN32\RELEASE\LIBXVIDCORE.DLL.INTERMEDIATE.MANIFEST
F:\XVID-METHOD\xvid_slide\build\win32\Release\libxvidcore.write.1.tlog
F:\XVID-METHOD\xvid_slide\build\win32\Release\link.command.1.tlog
F:\XVID-METHOD\xvid_slide\build\win32\Release\link.read.1.tlog
F:\XVID-METHOD\xvid_slide\build\win32\Release\link.write.1.tlog
F:\XVID-METHOD\XVID_SLIDE\BUILD\WIN32\RELEASE\MBCODING.OBJ
F:\XVID-METHOD\XVID_SLIDE\BUILD\WIN32\RELEASE\MBPREDICTION.OBJ
F:\XVID-METHOD\XVID_SLIDE\BUILD\WIN32\RELEASE\MBTRANSQUANT.OBJ
F:\XVID-METHOD\XVID_SLIDE\BUILD\WIN32\RELEASE\MEM_ALIGN.OBJ
F:\XVID-METHOD\XVID_SLIDE\BUILD\WIN32\RELEASE\MEM_TRANSFER.OBJ
F:\XVID-METHOD\XVID_SLIDE\BUILD\WIN32\RELEASE\MEM_TRANSFER_3DNE.OBJ
F:\XVID-METHOD\XVID_SLIDE\BUILD\WIN32\RELEASE\MEM_TRANSFER_MMX.OBJ
F:\XVID-METHOD\XVID_SLIDE\BUILD\WIN32\RELEASE\MOTION_COMP.OBJ
F:\XVID-METHOD\xvid_slide\build\win32\Release\mt.command.1.tlog
F:\XVID-METHOD\xvid_slide\build\win32\Release\mt.read.1.tlog
F:\XVID-METHOD\xvid_slide\build\win32\Release\mt.write.1.tlog
F:\XVID-METHOD\XVID_SLIDE\BUILD\WIN32\RELEASE\PLUGIN_2PASS1.OBJ
F:\XVID-METHOD\XVID_SLIDE\BUILD\WIN32\RELEASE\PLUGIN_2PASS2.OBJ
F:\XVID-METHOD\XVID_SLIDE\BUILD\WIN32\RELEASE\PLUGIN_DUMP.OBJ
F:\XVID-METHOD\XVID_SLIDE\BUILD\WIN32\RELEASE\PLUGIN_LUMIMASKING.OBJ
F:\XVID-METHOD\XVID_SLIDE\BUILD\WIN32\RELEASE\PLUGIN_PSNR.OBJ
F:\XVID-METHOD\XVID_SLIDE\BUILD\WIN32\RELEASE\PLUGIN_PSNRHVSM.OBJ
F:\XVID-METHOD\XVID_SLIDE\BUILD\WIN32\RELEASE\PLUGIN_SINGLE.OBJ
F:\XVID-METHOD\XVID_SLIDE\BUILD\WIN32\RELEASE\PLUGIN_SSIM.OBJ
F:\XVID-METHOD\XVID_SLIDE\BUILD\WIN32\RELEASE\PLUGIN_SSIM-A.OBJ
F:\XVID-METHOD\XVID_SLIDE\BUILD\WIN32\RELEASE\POSTPROCESSING.OBJ
F:\XVID-METHOD\XVID_SLIDE\BUILD\WIN32\RELEASE\POSTPROCESSING_MMX.OBJ
F:\XVID-METHOD\XVID_SLIDE\BUILD\WIN32\RELEASE\POSTPROCESSING_SSE2.OBJ
F:\XVID-METHOD\XVID_SLIDE\BUILD\WIN32\RELEASE\QPEL.OBJ
F:\XVID-METHOD\XVID_SLIDE\BUILD\WIN32\RELEASE\QPEL_MMX.OBJ
F:\XVID-METHOD\XVID_SLIDE\BUILD\WIN32\RELEASE\QUANT_H263.OBJ
F:\XVID-METHOD\XVID_SLIDE\BUILD\WIN32\RELEASE\QUANT_MATRIX.OBJ
F:\XVID-METHOD\XVID_SLIDE\BUILD\WIN32\RELEASE\QUANT_MPEG.OBJ
F:\XVID-METHOD\XVID_SLIDE\BUILD\WIN32\RELEASE\QUANTIZE_H263_3DNE.OBJ
F:\XVID-METHOD\XVID_SLIDE\BUILD\WIN32\RELEASE\QUANTIZE_H263_MMX.OBJ
F:\XVID-METHOD\XVID_SLIDE\BUILD\WIN32\RELEASE\QUANTIZE_MPEG_MMX.OBJ
F:\XVID-METHOD\XVID_SLIDE\BUILD\WIN32\RELEASE\QUANTIZE_MPEG_XMM.OBJ
F:\XVID-METHOD\XVID_SLIDE\BUILD\WIN32\RELEASE\REDUCED.OBJ
F:\XVID-METHOD\XVID_SLIDE\BUILD\WIN32\RELEASE\REDUCED_MMX.OBJ
F:\XVID-METHOD\XVID_SLIDE\BUILD\WIN32\RELEASE\SAD.OBJ
F:\XVID-METHOD\XVID_SLIDE\BUILD\WIN32\RELEASE\SAD_3DN.OBJ
F:\XVID-METHOD\XVID_SLIDE\BUILD\WIN32\RELEASE\SAD_3DNE.OBJ
F:\XVID-METHOD\XVID_SLIDE\BUILD\WIN32\RELEASE\SAD_MMX.OBJ
F:\XVID-METHOD\XVID_SLIDE\BUILD\WIN32\RELEASE\SAD_SSE2.OBJ
F:\XVID-METHOD\XVID_SLIDE\BUILD\WIN32\RELEASE\SAD_XMM.OBJ
F:\XVID-METHOD\XVID_SLIDE\BUILD\WIN32\RELEASE\SIMPLE_IDCT.OBJ
F:\XVID-METHOD\XVID_SLIDE\BUILD\WIN32\RELEASE\TIMER.OBJ
F:\XVID-METHOD\XVID_SLIDE\BUILD\WIN32\RELEASE\VC100.PDB
F:\XVID-METHOD\XVID_SLIDE\BUILD\WIN32\RELEASE\VOP_TYPE_DECISION.OBJ
F:\XVID-METHOD\XVID_SLIDE\BUILD\WIN32\RELEASE\XVID.OBJ
F:\XVID-METHOD\XVID_SLIDE\BUILD\WIN32\RELEASE\XVID_ENCRAW.EXE.INTERMEDIATE.MANIFEST
F:\XVID-METHOD\XVID_SLIDE\BUILD\WIN32\RELEASE\XVID_ENCRAW.OBJ
F:\XVID-METHOD\xvid_slide\build\win32\Release\xvid_encraw.write.1.tlog
