D:\xvidcore\build\win32\.\bin\xvid_decraw.exe
D:\XVIDCORE\BUILD\WIN32\BIN\XVID_DECRAW.EXE
D:\XVIDCORE\BUILD\WIN32\BIN\XVIDCORE.DLL
D:\xvidcore\build\win32\bin\xvidcore.dll.a
D:\xvidcore\build\win32\bin\xvidcore.dll.exp
D:\XVIDCORE\BUILD\WIN32\RELEASE\BITSTREAM.OBJ
D:\XVIDCORE\BUILD\WIN32\RELEASE\CBP.OBJ
D:\XVIDCORE\BUILD\WIN32\RELEASE\CBP_MMX.OBJ
D:\XVIDCORE\BUILD\WIN32\RELEASE\CBP_SSE2.OBJ
D:\xvidcore\build\win32\Release\cl.command.1.tlog
D:\xvidcore\build\win32\Release\CL.read.1.tlog
D:\xvidcore\build\win32\Release\CL.write.1.tlog
D:\XVIDCORE\BUILD\WIN32\RELEASE\COLORSPACE.OBJ
D:\XVIDCORE\BUILD\WIN32\RELEASE\COLORSPACE_RGB_MMX.OBJ
D:\XVIDCORE\BUILD\WIN32\RELEASE\COLORSPACE_YUV_MMX.OBJ
D:\XVIDCORE\BUILD\WIN32\RELEASE\COLORSPACE_YUYV_MMX.OBJ
D:\XVIDCORE\BUILD\WIN32\RELEASE\CPUID.OBJ
D:\xvidcore\build\win32\Release\custombuild.command.1.tlog
D:\xvidcore\build\win32\Release\custombuild.read.1.tlog
D:\xvidcore\build\win32\Release\custombuild.write.1.tlog
D:\XVIDCORE\BUILD\WIN32\RELEASE\DECODER.OBJ
D:\XVIDCORE\BUILD\WIN32\RELEASE\DEINTL_SSE.OBJ
D:\XVIDCORE\BUILD\WIN32\RELEASE\EMMS.OBJ
D:\XVIDCORE\BUILD\WIN32\RELEASE\ENCODER.OBJ
D:\XVIDCORE\BUILD\WIN32\RELEASE\ESTIMATION_BVOP.OBJ
D:\XVIDCORE\BUILD\WIN32\RELEASE\ESTIMATION_COMMON.OBJ
D:\XVIDCORE\BUILD\WIN32\RELEASE\ESTIMATION_GMC.OBJ
D:\XVIDCORE\BUILD\WIN32\RELEASE\ESTIMATION_PVOP.OBJ
D:\XVIDCORE\BUILD\WIN32\RELEASE\ESTIMATION_RD_BASED.OBJ
D:\XVIDCORE\BUILD\WIN32\RELEASE\ESTIMATION_RD_BASED_BVOP.OBJ
D:\XVIDCORE\BUILD\WIN32\RELEASE\FDCT.OBJ
D:\XVIDCORE\BUILD\WIN32\RELEASE\FDCT_MMX_FFMPEG.OBJ
D:\XVIDCORE\BUILD\WIN32\RELEASE\FDCT_MMX_SKAL.OBJ
D:\XVIDCORE\BUILD\WIN32\RELEASE\FDCT_SSE2_SKAL.OBJ
D:\XVIDCORE\BUILD\WIN32\RELEASE\FONT.OBJ
D:\XVIDCORE\BUILD\WIN32\RELEASE\GMC.OBJ
D:\XVIDCORE\BUILD\WIN32\RELEASE\GMC_MMX.OBJ
D:\XVIDCORE\BUILD\WIN32\RELEASE\IDCT.OBJ
D:\XVIDCORE\BUILD\WIN32\RELEASE\IDCT_3DNE.OBJ
D:\XVIDCORE\BUILD\WIN32\RELEASE\IDCT_MMX.OBJ
D:\XVIDCORE\BUILD\WIN32\RELEASE\IDCT_SSE2_DMITRY.OBJ
D:\XVIDCORE\BUILD\WIN32\RELEASE\IMAGE.OBJ
D:\XVIDCORE\BUILD\WIN32\RELEASE\INTERLACING_MMX.OBJ
D:\XVIDCORE\BUILD\WIN32\RELEASE\INTERPOLATE8X8.OBJ
D:\XVIDCORE\BUILD\WIN32\RELEASE\INTERPOLATE8X8_3DN.OBJ
D:\XVIDCORE\BUILD\WIN32\RELEASE\INTERPOLATE8X8_3DNE.OBJ
D:\XVIDCORE\BUILD\WIN32\RELEASE\INTERPOLATE8X8_MMX.OBJ
D:\XVIDCORE\BUILD\WIN32\RELEASE\INTERPOLATE8X8_XMM.OBJ
D:\XVIDCORE\BUILD\WIN32\RELEASE\LIBXVIDCORE.DLL.INTERMEDIATE.MANIFEST
D:\xvidcore\build\win32\Release\libxvidcore.write.1.tlog
D:\xvidcore\build\win32\Release\link.command.1.tlog
D:\xvidcore\build\win32\Release\link.read.1.tlog
D:\xvidcore\build\win32\Release\link.write.1.tlog
D:\XVIDCORE\BUILD\WIN32\RELEASE\MBCODING.OBJ
D:\XVIDCORE\BUILD\WIN32\RELEASE\MBPREDICTION.OBJ
D:\XVIDCORE\BUILD\WIN32\RELEASE\MBTRANSQUANT.OBJ
D:\XVIDCORE\BUILD\WIN32\RELEASE\MEM_ALIGN.OBJ
D:\XVIDCORE\BUILD\WIN32\RELEASE\MEM_TRANSFER.OBJ
D:\XVIDCORE\BUILD\WIN32\RELEASE\MEM_TRANSFER_3DNE.OBJ
D:\XVIDCORE\BUILD\WIN32\RELEASE\MEM_TRANSFER_MMX.OBJ
D:\XVIDCORE\BUILD\WIN32\RELEASE\MOTION_COMP.OBJ
D:\xvidcore\build\win32\Release\mt.command.1.tlog
D:\xvidcore\build\win32\Release\mt.read.1.tlog
D:\xvidcore\build\win32\Release\mt.write.1.tlog
D:\XVIDCORE\BUILD\WIN32\RELEASE\PLUGIN_2PASS1.OBJ
D:\XVIDCORE\BUILD\WIN32\RELEASE\PLUGIN_2PASS2.OBJ
D:\XVIDCORE\BUILD\WIN32\RELEASE\PLUGIN_DUMP.OBJ
D:\XVIDCORE\BUILD\WIN32\RELEASE\PLUGIN_LUMIMASKING.OBJ
D:\XVIDCORE\BUILD\WIN32\RELEASE\PLUGIN_PSNR.OBJ
D:\XVIDCORE\BUILD\WIN32\RELEASE\PLUGIN_PSNRHVSM.OBJ
D:\XVIDCORE\BUILD\WIN32\RELEASE\PLUGIN_SINGLE.OBJ
D:\XVIDCORE\BUILD\WIN32\RELEASE\PLUGIN_SSIM.OBJ
D:\XVIDCORE\BUILD\WIN32\RELEASE\PLUGIN_SSIM-A.OBJ
D:\XVIDCORE\BUILD\WIN32\RELEASE\POSTPROCESSING.OBJ
D:\XVIDCORE\BUILD\WIN32\RELEASE\POSTPROCESSING_MMX.OBJ
D:\XVIDCORE\BUILD\WIN32\RELEASE\POSTPROCESSING_SSE2.OBJ
D:\XVIDCORE\BUILD\WIN32\RELEASE\QPEL.OBJ
D:\XVIDCORE\BUILD\WIN32\RELEASE\QPEL_MMX.OBJ
D:\XVIDCORE\BUILD\WIN32\RELEASE\QUANT_H263.OBJ
D:\XVIDCORE\BUILD\WIN32\RELEASE\QUANT_MATRIX.OBJ
D:\XVIDCORE\BUILD\WIN32\RELEASE\QUANT_MPEG.OBJ
D:\XVIDCORE\BUILD\WIN32\RELEASE\QUANTIZE_H263_3DNE.OBJ
D:\XVIDCORE\BUILD\WIN32\RELEASE\QUANTIZE_H263_MMX.OBJ
D:\XVIDCORE\BUILD\WIN32\RELEASE\QUANTIZE_MPEG_MMX.OBJ
D:\XVIDCORE\BUILD\WIN32\RELEASE\QUANTIZE_MPEG_XMM.OBJ
D:\XVIDCORE\BUILD\WIN32\RELEASE\REDUCED.OBJ
D:\XVIDCORE\BUILD\WIN32\RELEASE\REDUCED_MMX.OBJ
D:\XVIDCORE\BUILD\WIN32\RELEASE\SAD.OBJ
D:\XVIDCORE\BUILD\WIN32\RELEASE\SAD_3DN.OBJ
D:\XVIDCORE\BUILD\WIN32\RELEASE\SAD_3DNE.OBJ
D:\XVIDCORE\BUILD\WIN32\RELEASE\SAD_MMX.OBJ
D:\XVIDCORE\BUILD\WIN32\RELEASE\SAD_SSE2.OBJ
D:\XVIDCORE\BUILD\WIN32\RELEASE\SAD_XMM.OBJ
D:\XVIDCORE\BUILD\WIN32\RELEASE\SIMPLE_IDCT.OBJ
D:\XVIDCORE\BUILD\WIN32\RELEASE\TIMER.OBJ
D:\XVIDCORE\BUILD\WIN32\RELEASE\VC100.PDB
D:\XVIDCORE\BUILD\WIN32\RELEASE\VOP_TYPE_DECISION.OBJ
D:\XVIDCORE\BUILD\WIN32\RELEASE\XVID.OBJ
D:\XVIDCORE\BUILD\WIN32\RELEASE\XVID_DECRAW.EXE.INTERMEDIATE.MANIFEST
D:\XVIDCORE\BUILD\WIN32\RELEASE\XVID_DECRAW.OBJ
D:\xvidcore\build\win32\Release\xvid_decraw.write.1.tlog
